mode: set
gitlab.com/cake-store-RESTFul/repo/mocks/cake_repo_mock.go:27.53,31.2 3 0
gitlab.com/cake-store-RESTFul/repo/mocks/cake_repo_mock.go:34.51,36.2 1 0
gitlab.com/cake-store-RESTFul/repo/mocks/cake_repo_mock.go:39.28,42.2 2 0
gitlab.com/cake-store-RESTFul/repo/mocks/cake_repo_mock.go:45.54,48.2 2 0
gitlab.com/cake-store-RESTFul/repo/mocks/cake_repo_mock.go:51.79,57.2 5 0
gitlab.com/cake-store-RESTFul/repo/mocks/cake_repo_mock.go:60.81,63.2 2 0
gitlab.com/cake-store-RESTFul/repo/mocks/cake_repo_mock.go:66.80,71.2 4 0
gitlab.com/cake-store-RESTFul/repo/mocks/cake_repo_mock.go:74.77,77.2 2 0
gitlab.com/cake-store-RESTFul/repo/mocks/cake_repo_mock.go:80.62,85.2 4 0
gitlab.com/cake-store-RESTFul/repo/mocks/cake_repo_mock.go:88.74,91.2 2 0
gitlab.com/cake-store-RESTFul/repo/mocks/cake_repo_mock.go:94.87,100.2 5 0
gitlab.com/cake-store-RESTFul/repo/mocks/cake_repo_mock.go:103.77,106.2 2 0
gitlab.com/cake-store-RESTFul/repo/mocks/cake_repo_mock.go:109.127,115.2 5 0
gitlab.com/cake-store-RESTFul/repo/mocks/cake_repo_mock.go:118.108,121.2 2 0
gitlab.com/cake-store-RESTFul/repo/mocks/cake_repo_mock.go:124.80,129.2 4 0
gitlab.com/cake-store-RESTFul/repo/mocks/cake_repo_mock.go:132.77,135.2 2 0
gitlab.com/cake-store-RESTFul/service/cake/request.go:20.46,22.19 1 0
gitlab.com/cake-store-RESTFul/service/cake/request.go:26.2,26.25 1 0
gitlab.com/cake-store-RESTFul/service/cake/request.go:30.2,30.19 1 0
gitlab.com/cake-store-RESTFul/service/cake/request.go:34.2,34.19 1 0
gitlab.com/cake-store-RESTFul/service/cake/request.go:38.2,38.12 1 0
gitlab.com/cake-store-RESTFul/service/cake/request.go:22.19,24.3 1 0
gitlab.com/cake-store-RESTFul/service/cake/request.go:26.25,28.3 1 0
gitlab.com/cake-store-RESTFul/service/cake/request.go:30.19,32.3 1 0
gitlab.com/cake-store-RESTFul/service/cake/request.go:34.19,36.3 1 0
gitlab.com/cake-store-RESTFul/service/cake/request.go:50.55,52.26 1 1
gitlab.com/cake-store-RESTFul/service/cake/request.go:56.2,56.32 1 1
gitlab.com/cake-store-RESTFul/service/cake/request.go:60.2,60.27 1 1
gitlab.com/cake-store-RESTFul/service/cake/request.go:64.2,65.16 2 1
gitlab.com/cake-store-RESTFul/service/cake/request.go:69.2,69.11 1 1
gitlab.com/cake-store-RESTFul/service/cake/request.go:73.2,77.12 4 1
gitlab.com/cake-store-RESTFul/service/cake/request.go:52.26,54.3 1 1
gitlab.com/cake-store-RESTFul/service/cake/request.go:56.32,58.3 1 1
gitlab.com/cake-store-RESTFul/service/cake/request.go:60.27,62.3 1 1
gitlab.com/cake-store-RESTFul/service/cake/request.go:65.16,67.3 1 1
gitlab.com/cake-store-RESTFul/service/cake/request.go:69.11,71.3 1 1
gitlab.com/cake-store-RESTFul/service/cake/request.go:89.61,92.27 2 1
gitlab.com/cake-store-RESTFul/service/cake/request.go:99.2,99.11 1 1
gitlab.com/cake-store-RESTFul/service/cake/request.go:103.2,107.12 4 1
gitlab.com/cake-store-RESTFul/service/cake/request.go:92.27,94.17 2 1
gitlab.com/cake-store-RESTFul/service/cake/request.go:94.17,96.4 1 1
gitlab.com/cake-store-RESTFul/service/cake/request.go:99.11,101.3 1 1
gitlab.com/cake-store-RESTFul/service/cake/request.go:116.51,122.18 4 1
gitlab.com/cake-store-RESTFul/service/cake/request.go:126.2,126.20 1 1
gitlab.com/cake-store-RESTFul/service/cake/request.go:122.18,124.3 1 1
gitlab.com/cake-store-RESTFul/service/cake/request.go:126.20,128.3 1 1
gitlab.com/cake-store-RESTFul/service-manager/service-manager.go:19.59,23.2 1 0
gitlab.com/cake-store-RESTFul/service/cake.go:30.80,36.2 1 0
gitlab.com/cake-store-RESTFul/service/cake.go:38.83,41.16 2 0
gitlab.com/cake-store-RESTFul/service/cake.go:46.2,55.16 3 0
gitlab.com/cake-store-RESTFul/service/cake.go:60.2,60.12 1 0
gitlab.com/cake-store-RESTFul/service/cake.go:41.16,44.3 2 0
gitlab.com/cake-store-RESTFul/service/cake.go:55.16,58.3 2 0
gitlab.com/cake-store-RESTFul/service/cake.go:63.194,67.16 3 0
gitlab.com/cake-store-RESTFul/service/cake.go:72.2,72.29 1 0
gitlab.com/cake-store-RESTFul/service/cake.go:90.2,90.19 1 0
gitlab.com/cake-store-RESTFul/service/cake.go:94.2,95.16 2 0
gitlab.com/cake-store-RESTFul/service/cake.go:100.2,106.29 2 0
gitlab.com/cake-store-RESTFul/service/cake.go:67.16,70.3 2 0
gitlab.com/cake-store-RESTFul/service/cake.go:72.29,83.27 2 0
gitlab.com/cake-store-RESTFul/service/cake.go:87.3,87.23 1 0
gitlab.com/cake-store-RESTFul/service/cake.go:83.27,85.4 1 0
gitlab.com/cake-store-RESTFul/service/cake.go:90.19,92.3 1 0
gitlab.com/cake-store-RESTFul/service/cake.go:95.16,98.3 2 0
gitlab.com/cake-store-RESTFul/service/cake.go:109.93,112.16 2 0
gitlab.com/cake-store-RESTFul/service/cake.go:117.2,126.26 2 0
gitlab.com/cake-store-RESTFul/service/cake.go:130.2,130.17 1 0
gitlab.com/cake-store-RESTFul/service/cake.go:112.16,115.3 2 0
gitlab.com/cake-store-RESTFul/service/cake.go:126.26,128.3 1 0
gitlab.com/cake-store-RESTFul/service/cake.go:133.83,138.22 3 0
gitlab.com/cake-store-RESTFul/service/cake.go:147.2,156.16 3 0
gitlab.com/cake-store-RESTFul/service/cake.go:161.2,161.12 1 0
gitlab.com/cake-store-RESTFul/service/cake.go:138.22,140.17 2 0
gitlab.com/cake-store-RESTFul/service/cake.go:144.3,144.15 1 0
gitlab.com/cake-store-RESTFul/service/cake.go:140.17,143.4 2 0
gitlab.com/cake-store-RESTFul/service/cake.go:156.16,159.3 2 0
gitlab.com/cake-store-RESTFul/service/cake.go:164.64,166.2 1 0
gitlab.com/cake-store-RESTFul/main.go:10.13,18.16 6 0
gitlab.com/cake-store-RESTFul/main.go:22.2,25.47 3 0
gitlab.com/cake-store-RESTFul/main.go:18.16,19.13 1 0
gitlab.com/cake-store-RESTFul/service/mocks/cake_service_mock.go:28.53,32.2 3 0
gitlab.com/cake-store-RESTFul/service/mocks/cake_service_mock.go:35.51,37.2 1 0
gitlab.com/cake-store-RESTFul/service/mocks/cake_service_mock.go:40.78,45.2 4 0
gitlab.com/cake-store-RESTFul/service/mocks/cake_service_mock.go:48.75,51.2 2 0
gitlab.com/cake-store-RESTFul/service/mocks/cake_service_mock.go:54.62,59.2 4 0
gitlab.com/cake-store-RESTFul/service/mocks/cake_service_mock.go:62.74,65.2 2 0
gitlab.com/cake-store-RESTFul/service/mocks/cake_service_mock.go:68.86,74.2 5 0
gitlab.com/cake-store-RESTFul/service/mocks/cake_service_mock.go:77.77,80.2 2 0
gitlab.com/cake-store-RESTFul/service/mocks/cake_service_mock.go:83.167,90.2 6 0
gitlab.com/cake-store-RESTFul/service/mocks/cake_service_mock.go:93.89,96.2 2 0
gitlab.com/cake-store-RESTFul/service/mocks/cake_service_mock.go:99.78,104.2 4 0
gitlab.com/cake-store-RESTFul/service/mocks/cake_service_mock.go:107.75,110.2 2 0
gitlab.com/cake-store-RESTFul/service/common/pagination.go:19.54,22.17 2 0
gitlab.com/cake-store-RESTFul/service/common/pagination.go:26.2,26.16 1 0
gitlab.com/cake-store-RESTFul/service/common/pagination.go:30.2,30.17 1 0
gitlab.com/cake-store-RESTFul/service/common/pagination.go:37.2,37.16 1 0
gitlab.com/cake-store-RESTFul/service/common/pagination.go:22.17,24.3 1 0
gitlab.com/cake-store-RESTFul/service/common/pagination.go:26.16,28.3 1 0
gitlab.com/cake-store-RESTFul/service/common/pagination.go:30.17,32.19 2 0
gitlab.com/cake-store-RESTFul/service/common/pagination.go:32.19,34.4 1 0
gitlab.com/cake-store-RESTFul/service/common/pagination.go:37.16,39.18 2 0
gitlab.com/cake-store-RESTFul/service/common/pagination.go:39.18,41.4 1 0
gitlab.com/cake-store-RESTFul/infra/infra.go:14.42,20.2 1 0
gitlab.com/cake-store-RESTFul/infra/logger.go:11.33,23.2 2 0
gitlab.com/cake-store-RESTFul/infra/mysql.go:16.42,38.16 17 0
gitlab.com/cake-store-RESTFul/infra/mysql.go:42.2,44.3 1 0
gitlab.com/cake-store-RESTFul/infra/mysql.go:38.16,39.13 1 0
gitlab.com/cake-store-RESTFul/handler/cake.go:25.93,31.2 1 0
gitlab.com/cake-store-RESTFul/handler/cake.go:33.84,37.16 3 0
gitlab.com/cake-store-RESTFul/handler/cake.go:43.2,46.16 3 0
gitlab.com/cake-store-RESTFul/handler/cake.go:52.2,53.16 2 0
gitlab.com/cake-store-RESTFul/handler/cake.go:59.2,59.69 1 0
gitlab.com/cake-store-RESTFul/handler/cake.go:37.16,41.3 3 0
gitlab.com/cake-store-RESTFul/handler/cake.go:46.16,50.3 3 0
gitlab.com/cake-store-RESTFul/handler/cake.go:53.16,57.3 3 0
gitlab.com/cake-store-RESTFul/handler/cake.go:62.92,68.16 4 0
gitlab.com/cake-store-RESTFul/handler/cake.go:73.2,73.42 1 0
gitlab.com/cake-store-RESTFul/handler/cake.go:78.2,79.16 2 0
gitlab.com/cake-store-RESTFul/handler/cake.go:83.2,92.16 3 0
gitlab.com/cake-store-RESTFul/handler/cake.go:98.2,98.69 1 0
gitlab.com/cake-store-RESTFul/handler/cake.go:68.16,71.3 2 0
gitlab.com/cake-store-RESTFul/handler/cake.go:73.42,76.3 2 0
gitlab.com/cake-store-RESTFul/handler/cake.go:79.16,82.3 2 0
gitlab.com/cake-store-RESTFul/handler/cake.go:92.16,96.3 3 0
gitlab.com/cake-store-RESTFul/handler/cake.go:101.85,112.16 7 0
gitlab.com/cake-store-RESTFul/handler/cake.go:118.2,118.85 1 0
gitlab.com/cake-store-RESTFul/handler/cake.go:112.16,116.3 3 0
gitlab.com/cake-store-RESTFul/handler/cake.go:121.91,124.16 3 0
gitlab.com/cake-store-RESTFul/handler/cake.go:129.2,130.40 2 0
gitlab.com/cake-store-RESTFul/handler/cake.go:136.2,136.40 1 0
gitlab.com/cake-store-RESTFul/handler/cake.go:142.2,142.63 1 0
gitlab.com/cake-store-RESTFul/handler/cake.go:124.16,127.3 2 0
gitlab.com/cake-store-RESTFul/handler/cake.go:130.40,134.3 3 0
gitlab.com/cake-store-RESTFul/handler/cake.go:136.40,140.3 3 0
gitlab.com/cake-store-RESTFul/handler/cake.go:145.88,150.16 4 0
gitlab.com/cake-store-RESTFul/handler/cake.go:155.2,160.16 5 0
gitlab.com/cake-store-RESTFul/handler/cake.go:166.2,167.16 2 0
gitlab.com/cake-store-RESTFul/handler/cake.go:173.2,173.69 1 0
gitlab.com/cake-store-RESTFul/handler/cake.go:150.16,153.3 2 0
gitlab.com/cake-store-RESTFul/handler/cake.go:160.16,164.3 3 0
gitlab.com/cake-store-RESTFul/handler/cake.go:167.16,171.3 3 0
gitlab.com/cake-store-RESTFul/handler/cake.go:176.88,179.16 3 0
gitlab.com/cake-store-RESTFul/handler/cake.go:184.2,185.16 2 0
gitlab.com/cake-store-RESTFul/handler/cake.go:191.2,191.69 1 0
gitlab.com/cake-store-RESTFul/handler/cake.go:179.16,182.3 2 0
gitlab.com/cake-store-RESTFul/handler/cake.go:185.16,189.3 3 0
gitlab.com/cake-store-RESTFul/handler/http.go:16.37,18.2 1 0
gitlab.com/cake-store-RESTFul/handler/http.go:20.80,23.16 2 0
gitlab.com/cake-store-RESTFul/handler/http.go:28.2,30.16 3 0
gitlab.com/cake-store-RESTFul/handler/http.go:23.16,25.13 2 0
gitlab.com/cake-store-RESTFul/handler/http.go:30.16,32.13 2 0
gitlab.com/cake-store-RESTFul/service-manager/cake.go:17.47,18.25 1 0
gitlab.com/cake-store-RESTFul/service-manager/cake.go:21.2,21.17 1 0
gitlab.com/cake-store-RESTFul/service-manager/cake.go:18.25,20.3 1 0
gitlab.com/cake-store-RESTFul/service-manager/cake.go:24.53,25.28 1 0
gitlab.com/cake-store-RESTFul/service-manager/cake.go:28.2,28.20 1 0
gitlab.com/cake-store-RESTFul/service-manager/cake.go:25.28,27.3 1 0
gitlab.com/cake-store-RESTFul/service/mocks/cloudinary_mock.go:27.65,31.2 3 0
gitlab.com/cake-store-RESTFul/service/mocks/cloudinary_mock.go:34.63,36.2 1 0
gitlab.com/cake-store-RESTFul/service/mocks/cloudinary_mock.go:39.140,45.2 5 0
gitlab.com/cake-store-RESTFul/service/mocks/cloudinary_mock.go:48.96,51.2 2 0
gitlab.com/cake-store-RESTFul/infra/cloudinary.go:11.129,13.2 1 0
gitlab.com/cake-store-RESTFul/infra/cloudinary.go:22.51,29.16 6 0
gitlab.com/cake-store-RESTFul/infra/cloudinary.go:33.2,35.3 1 0
gitlab.com/cake-store-RESTFul/infra/cloudinary.go:29.16,30.13 1 0
gitlab.com/cake-store-RESTFul/api/api.go:14.103,26.2 8 0
gitlab.com/cake-store-RESTFul/api/api.go:28.97,37.87 6 0
gitlab.com/cake-store-RESTFul/api/api.go:46.2,46.84 1 0
gitlab.com/cake-store-RESTFul/api/api.go:51.2,52.75 2 0
gitlab.com/cake-store-RESTFul/api/api.go:37.87,44.3 5 0
gitlab.com/cake-store-RESTFul/api/api.go:46.84,49.3 2 0
gitlab.com/cake-store-RESTFul/repo/cake.go:38.54,43.2 1 0
gitlab.com/cake-store-RESTFul/repo/cake.go:45.77,50.16 3 0
gitlab.com/cake-store-RESTFul/repo/cake.go:54.2,57.16 3 0
gitlab.com/cake-store-RESTFul/repo/cake.go:62.2,62.12 1 0
gitlab.com/cake-store-RESTFul/repo/cake.go:50.16,53.3 2 0
gitlab.com/cake-store-RESTFul/repo/cake.go:57.16,60.3 2 0
gitlab.com/cake-store-RESTFul/repo/cake.go:65.129,69.18 2 0
gitlab.com/cake-store-RESTFul/repo/cake.go:73.2,77.16 4 0
gitlab.com/cake-store-RESTFul/repo/cake.go:82.2,84.18 2 0
gitlab.com/cake-store-RESTFul/repo/cake.go:93.2,93.8 1 0
gitlab.com/cake-store-RESTFul/repo/cake.go:69.18,71.3 1 0
gitlab.com/cake-store-RESTFul/repo/cake.go:77.16,80.3 2 0
gitlab.com/cake-store-RESTFul/repo/cake.go:84.18,87.17 3 0
gitlab.com/cake-store-RESTFul/repo/cake.go:91.3,91.32 1 0
gitlab.com/cake-store-RESTFul/repo/cake.go:87.17,90.4 2 0
gitlab.com/cake-store-RESTFul/repo/cake.go:97.85,101.18 2 0
gitlab.com/cake-store-RESTFul/repo/cake.go:105.2,106.16 2 0
gitlab.com/cake-store-RESTFul/repo/cake.go:111.2,113.16 3 0
gitlab.com/cake-store-RESTFul/repo/cake.go:118.2,118.8 1 0
gitlab.com/cake-store-RESTFul/repo/cake.go:101.18,103.3 1 0
gitlab.com/cake-store-RESTFul/repo/cake.go:106.16,109.3 2 0
gitlab.com/cake-store-RESTFul/repo/cake.go:113.16,116.3 2 0
gitlab.com/cake-store-RESTFul/repo/cake.go:121.89,127.16 4 0
gitlab.com/cake-store-RESTFul/repo/cake.go:132.2,132.8 1 0
gitlab.com/cake-store-RESTFul/repo/cake.go:127.16,130.3 2 0
gitlab.com/cake-store-RESTFul/repo/cake.go:135.77,140.23 3 0
gitlab.com/cake-store-RESTFul/repo/cake.go:145.2,145.29 1 0
gitlab.com/cake-store-RESTFul/repo/cake.go:150.2,150.23 1 0
gitlab.com/cake-store-RESTFul/repo/cake.go:155.2,155.23 1 0
gitlab.com/cake-store-RESTFul/repo/cake.go:160.2,160.27 1 0
gitlab.com/cake-store-RESTFul/repo/cake.go:165.2,168.16 3 0
gitlab.com/cake-store-RESTFul/repo/cake.go:172.2,175.16 3 0
gitlab.com/cake-store-RESTFul/repo/cake.go:180.2,180.8 1 0
gitlab.com/cake-store-RESTFul/repo/cake.go:140.23,143.3 2 0
gitlab.com/cake-store-RESTFul/repo/cake.go:145.29,148.3 2 0
gitlab.com/cake-store-RESTFul/repo/cake.go:150.23,153.3 2 0
gitlab.com/cake-store-RESTFul/repo/cake.go:155.23,158.3 2 0
gitlab.com/cake-store-RESTFul/repo/cake.go:160.27,163.3 2 0
gitlab.com/cake-store-RESTFul/repo/cake.go:168.16,171.3 2 0
gitlab.com/cake-store-RESTFul/repo/cake.go:175.16,178.3 2 0
gitlab.com/cake-store-RESTFul/repo/cake.go:183.64,188.16 3 0
gitlab.com/cake-store-RESTFul/repo/cake.go:192.2,195.16 3 0
gitlab.com/cake-store-RESTFul/repo/cake.go:200.2,200.8 1 0
gitlab.com/cake-store-RESTFul/repo/cake.go:188.16,191.3 2 0
gitlab.com/cake-store-RESTFul/repo/cake.go:195.16,198.3 2 0
gitlab.com/cake-store-RESTFul/repo/cake.go:203.24,205.2 1 0
gitlab.com/cake-store-RESTFul/service-manager/cake.go:17.47,18.25 1 0
gitlab.com/cake-store-RESTFul/service-manager/cake.go:21.2,21.17 1 0
gitlab.com/cake-store-RESTFul/service-manager/cake.go:18.25,20.3 1 0
gitlab.com/cake-store-RESTFul/service-manager/cake.go:24.53,25.28 1 0
gitlab.com/cake-store-RESTFul/service-manager/cake.go:28.2,28.20 1 0
gitlab.com/cake-store-RESTFul/service-manager/cake.go:25.28,27.3 1 0
gitlab.com/cake-store-RESTFul/api/api.go:14.103,26.2 8 0
gitlab.com/cake-store-RESTFul/api/api.go:28.97,37.87 6 0
gitlab.com/cake-store-RESTFul/api/api.go:46.2,46.84 1 0
gitlab.com/cake-store-RESTFul/api/api.go:51.2,52.75 2 0
gitlab.com/cake-store-RESTFul/api/api.go:37.87,44.3 5 0
gitlab.com/cake-store-RESTFul/api/api.go:46.84,49.3 2 0
gitlab.com/cake-store-RESTFul/infra/infra.go:14.42,20.2 1 0
gitlab.com/cake-store-RESTFul/infra/mysql.go:16.42,38.16 17 0
gitlab.com/cake-store-RESTFul/infra/mysql.go:42.2,44.3 1 0
gitlab.com/cake-store-RESTFul/infra/mysql.go:38.16,39.13 1 0
gitlab.com/cake-store-RESTFul/repo/cake.go:38.54,43.2 1 0
gitlab.com/cake-store-RESTFul/repo/cake.go:45.77,50.16 3 0
gitlab.com/cake-store-RESTFul/repo/cake.go:54.2,57.16 3 0
gitlab.com/cake-store-RESTFul/repo/cake.go:62.2,62.12 1 0
gitlab.com/cake-store-RESTFul/repo/cake.go:50.16,53.3 2 0
gitlab.com/cake-store-RESTFul/repo/cake.go:57.16,60.3 2 0
gitlab.com/cake-store-RESTFul/repo/cake.go:65.129,69.18 2 0
gitlab.com/cake-store-RESTFul/repo/cake.go:73.2,77.16 4 0
gitlab.com/cake-store-RESTFul/repo/cake.go:82.2,84.18 2 0
gitlab.com/cake-store-RESTFul/repo/cake.go:93.2,93.8 1 0
gitlab.com/cake-store-RESTFul/repo/cake.go:69.18,71.3 1 0
gitlab.com/cake-store-RESTFul/repo/cake.go:77.16,80.3 2 0
gitlab.com/cake-store-RESTFul/repo/cake.go:84.18,87.17 3 0
gitlab.com/cake-store-RESTFul/repo/cake.go:91.3,91.32 1 0
gitlab.com/cake-store-RESTFul/repo/cake.go:87.17,90.4 2 0
gitlab.com/cake-store-RESTFul/repo/cake.go:97.85,101.18 2 0
gitlab.com/cake-store-RESTFul/repo/cake.go:105.2,106.16 2 0
gitlab.com/cake-store-RESTFul/repo/cake.go:111.2,113.16 3 0
gitlab.com/cake-store-RESTFul/repo/cake.go:118.2,118.8 1 0
gitlab.com/cake-store-RESTFul/repo/cake.go:101.18,103.3 1 0
gitlab.com/cake-store-RESTFul/repo/cake.go:106.16,109.3 2 0
gitlab.com/cake-store-RESTFul/repo/cake.go:113.16,116.3 2 0
gitlab.com/cake-store-RESTFul/repo/cake.go:121.89,127.16 4 0
gitlab.com/cake-store-RESTFul/repo/cake.go:132.2,132.8 1 0
gitlab.com/cake-store-RESTFul/repo/cake.go:127.16,130.3 2 0
gitlab.com/cake-store-RESTFul/repo/cake.go:135.77,140.23 3 0
gitlab.com/cake-store-RESTFul/repo/cake.go:145.2,145.29 1 0
gitlab.com/cake-store-RESTFul/repo/cake.go:150.2,150.23 1 0
gitlab.com/cake-store-RESTFul/repo/cake.go:155.2,155.23 1 0
gitlab.com/cake-store-RESTFul/repo/cake.go:160.2,160.27 1 0
gitlab.com/cake-store-RESTFul/repo/cake.go:165.2,168.16 3 0
gitlab.com/cake-store-RESTFul/repo/cake.go:172.2,175.16 3 0
gitlab.com/cake-store-RESTFul/repo/cake.go:180.2,180.8 1 0
gitlab.com/cake-store-RESTFul/repo/cake.go:140.23,143.3 2 0
gitlab.com/cake-store-RESTFul/repo/cake.go:145.29,148.3 2 0
gitlab.com/cake-store-RESTFul/repo/cake.go:150.23,153.3 2 0
gitlab.com/cake-store-RESTFul/repo/cake.go:155.23,158.3 2 0
gitlab.com/cake-store-RESTFul/repo/cake.go:160.27,163.3 2 0
gitlab.com/cake-store-RESTFul/repo/cake.go:168.16,171.3 2 0
gitlab.com/cake-store-RESTFul/repo/cake.go:175.16,178.3 2 0
gitlab.com/cake-store-RESTFul/repo/cake.go:183.64,188.16 3 0
gitlab.com/cake-store-RESTFul/repo/cake.go:192.2,195.16 3 0
gitlab.com/cake-store-RESTFul/repo/cake.go:200.2,200.8 1 0
gitlab.com/cake-store-RESTFul/repo/cake.go:188.16,191.3 2 0
gitlab.com/cake-store-RESTFul/repo/cake.go:195.16,198.3 2 0
gitlab.com/cake-store-RESTFul/repo/cake.go:203.24,205.2 1 0
gitlab.com/cake-store-RESTFul/handler/http.go:16.37,18.2 1 0
gitlab.com/cake-store-RESTFul/handler/http.go:20.80,23.16 2 0
gitlab.com/cake-store-RESTFul/handler/http.go:28.2,30.16 3 0
gitlab.com/cake-store-RESTFul/handler/http.go:23.16,25.13 2 0
gitlab.com/cake-store-RESTFul/handler/http.go:30.16,32.13 2 0
gitlab.com/cake-store-RESTFul/main.go:10.13,18.16 6 0
gitlab.com/cake-store-RESTFul/main.go:22.2,25.47 3 0
gitlab.com/cake-store-RESTFul/main.go:18.16,19.13 1 0
gitlab.com/cake-store-RESTFul/service/mocks/cloudinary_mock.go:27.65,31.2 3 0
gitlab.com/cake-store-RESTFul/service/mocks/cloudinary_mock.go:34.63,36.2 1 0
gitlab.com/cake-store-RESTFul/service/mocks/cloudinary_mock.go:39.140,45.2 5 0
gitlab.com/cake-store-RESTFul/service/mocks/cloudinary_mock.go:48.96,51.2 2 0
gitlab.com/cake-store-RESTFul/repo/mocks/cake_repo_mock.go:27.53,31.2 3 0
gitlab.com/cake-store-RESTFul/repo/mocks/cake_repo_mock.go:34.51,36.2 1 0
gitlab.com/cake-store-RESTFul/repo/mocks/cake_repo_mock.go:39.28,42.2 2 0
gitlab.com/cake-store-RESTFul/repo/mocks/cake_repo_mock.go:45.54,48.2 2 0
gitlab.com/cake-store-RESTFul/repo/mocks/cake_repo_mock.go:51.79,57.2 5 0
gitlab.com/cake-store-RESTFul/repo/mocks/cake_repo_mock.go:60.81,63.2 2 0
gitlab.com/cake-store-RESTFul/repo/mocks/cake_repo_mock.go:66.80,71.2 4 0
gitlab.com/cake-store-RESTFul/repo/mocks/cake_repo_mock.go:74.77,77.2 2 0
gitlab.com/cake-store-RESTFul/repo/mocks/cake_repo_mock.go:80.62,85.2 4 0
gitlab.com/cake-store-RESTFul/repo/mocks/cake_repo_mock.go:88.74,91.2 2 0
gitlab.com/cake-store-RESTFul/repo/mocks/cake_repo_mock.go:94.87,100.2 5 0
gitlab.com/cake-store-RESTFul/repo/mocks/cake_repo_mock.go:103.77,106.2 2 0
gitlab.com/cake-store-RESTFul/repo/mocks/cake_repo_mock.go:109.127,115.2 5 0
gitlab.com/cake-store-RESTFul/repo/mocks/cake_repo_mock.go:118.108,121.2 2 0
gitlab.com/cake-store-RESTFul/repo/mocks/cake_repo_mock.go:124.80,129.2 4 0
gitlab.com/cake-store-RESTFul/repo/mocks/cake_repo_mock.go:132.77,135.2 2 0
gitlab.com/cake-store-RESTFul/infra/cloudinary.go:11.129,13.2 1 0
gitlab.com/cake-store-RESTFul/infra/cloudinary.go:22.51,29.16 6 0
gitlab.com/cake-store-RESTFul/infra/cloudinary.go:33.2,35.3 1 0
gitlab.com/cake-store-RESTFul/infra/cloudinary.go:29.16,30.13 1 0
gitlab.com/cake-store-RESTFul/service/common/pagination.go:19.54,22.17 2 1
gitlab.com/cake-store-RESTFul/service/common/pagination.go:26.2,26.16 1 1
gitlab.com/cake-store-RESTFul/service/common/pagination.go:30.2,30.17 1 1
gitlab.com/cake-store-RESTFul/service/common/pagination.go:37.2,37.16 1 1
gitlab.com/cake-store-RESTFul/service/common/pagination.go:22.17,24.3 1 1
gitlab.com/cake-store-RESTFul/service/common/pagination.go:26.16,28.3 1 1
gitlab.com/cake-store-RESTFul/service/common/pagination.go:30.17,32.19 2 1
gitlab.com/cake-store-RESTFul/service/common/pagination.go:32.19,34.4 1 1
gitlab.com/cake-store-RESTFul/service/common/pagination.go:37.16,39.18 2 1
gitlab.com/cake-store-RESTFul/service/common/pagination.go:39.18,41.4 1 1
gitlab.com/cake-store-RESTFul/infra/logger.go:11.33,23.2 2 0
gitlab.com/cake-store-RESTFul/service/cake.go:30.80,36.2 1 0
gitlab.com/cake-store-RESTFul/service/cake.go:38.83,41.16 2 0
gitlab.com/cake-store-RESTFul/service/cake.go:46.2,55.16 3 0
gitlab.com/cake-store-RESTFul/service/cake.go:60.2,60.12 1 0
gitlab.com/cake-store-RESTFul/service/cake.go:41.16,44.3 2 0
gitlab.com/cake-store-RESTFul/service/cake.go:55.16,58.3 2 0
gitlab.com/cake-store-RESTFul/service/cake.go:63.194,67.16 3 0
gitlab.com/cake-store-RESTFul/service/cake.go:72.2,72.29 1 0
gitlab.com/cake-store-RESTFul/service/cake.go:90.2,90.19 1 0
gitlab.com/cake-store-RESTFul/service/cake.go:94.2,95.16 2 0
gitlab.com/cake-store-RESTFul/service/cake.go:100.2,106.29 2 0
gitlab.com/cake-store-RESTFul/service/cake.go:67.16,70.3 2 0
gitlab.com/cake-store-RESTFul/service/cake.go:72.29,83.27 2 0
gitlab.com/cake-store-RESTFul/service/cake.go:87.3,87.23 1 0
gitlab.com/cake-store-RESTFul/service/cake.go:83.27,85.4 1 0
gitlab.com/cake-store-RESTFul/service/cake.go:90.19,92.3 1 0
gitlab.com/cake-store-RESTFul/service/cake.go:95.16,98.3 2 0
gitlab.com/cake-store-RESTFul/service/cake.go:109.93,112.16 2 0
gitlab.com/cake-store-RESTFul/service/cake.go:117.2,126.26 2 0
gitlab.com/cake-store-RESTFul/service/cake.go:130.2,130.17 1 0
gitlab.com/cake-store-RESTFul/service/cake.go:112.16,115.3 2 0
gitlab.com/cake-store-RESTFul/service/cake.go:126.26,128.3 1 0
gitlab.com/cake-store-RESTFul/service/cake.go:133.83,138.22 3 0
gitlab.com/cake-store-RESTFul/service/cake.go:147.2,156.16 3 0
gitlab.com/cake-store-RESTFul/service/cake.go:161.2,161.12 1 0
gitlab.com/cake-store-RESTFul/service/cake.go:138.22,140.17 2 0
gitlab.com/cake-store-RESTFul/service/cake.go:144.3,144.15 1 0
gitlab.com/cake-store-RESTFul/service/cake.go:140.17,143.4 2 0
gitlab.com/cake-store-RESTFul/service/cake.go:156.16,159.3 2 0
gitlab.com/cake-store-RESTFul/service/cake.go:164.64,166.2 1 0
gitlab.com/cake-store-RESTFul/handler/cake.go:25.93,31.2 1 0
gitlab.com/cake-store-RESTFul/handler/cake.go:33.84,37.16 3 0
gitlab.com/cake-store-RESTFul/handler/cake.go:43.2,46.16 3 0
gitlab.com/cake-store-RESTFul/handler/cake.go:52.2,53.16 2 0
gitlab.com/cake-store-RESTFul/handler/cake.go:59.2,59.69 1 0
gitlab.com/cake-store-RESTFul/handler/cake.go:37.16,41.3 3 0
gitlab.com/cake-store-RESTFul/handler/cake.go:46.16,50.3 3 0
gitlab.com/cake-store-RESTFul/handler/cake.go:53.16,57.3 3 0
gitlab.com/cake-store-RESTFul/handler/cake.go:62.92,68.16 4 0
gitlab.com/cake-store-RESTFul/handler/cake.go:73.2,73.42 1 0
gitlab.com/cake-store-RESTFul/handler/cake.go:78.2,79.16 2 0
gitlab.com/cake-store-RESTFul/handler/cake.go:83.2,92.16 3 0
gitlab.com/cake-store-RESTFul/handler/cake.go:98.2,98.69 1 0
gitlab.com/cake-store-RESTFul/handler/cake.go:68.16,71.3 2 0
gitlab.com/cake-store-RESTFul/handler/cake.go:73.42,76.3 2 0
gitlab.com/cake-store-RESTFul/handler/cake.go:79.16,82.3 2 0
gitlab.com/cake-store-RESTFul/handler/cake.go:92.16,96.3 3 0
gitlab.com/cake-store-RESTFul/handler/cake.go:101.85,112.16 7 0
gitlab.com/cake-store-RESTFul/handler/cake.go:118.2,118.85 1 0
gitlab.com/cake-store-RESTFul/handler/cake.go:112.16,116.3 3 0
gitlab.com/cake-store-RESTFul/handler/cake.go:121.91,124.16 3 0
gitlab.com/cake-store-RESTFul/handler/cake.go:129.2,130.40 2 0
gitlab.com/cake-store-RESTFul/handler/cake.go:136.2,136.40 1 0
gitlab.com/cake-store-RESTFul/handler/cake.go:142.2,142.63 1 0
gitlab.com/cake-store-RESTFul/handler/cake.go:124.16,127.3 2 0
gitlab.com/cake-store-RESTFul/handler/cake.go:130.40,134.3 3 0
gitlab.com/cake-store-RESTFul/handler/cake.go:136.40,140.3 3 0
gitlab.com/cake-store-RESTFul/handler/cake.go:145.88,150.16 4 0
gitlab.com/cake-store-RESTFul/handler/cake.go:155.2,160.16 5 0
gitlab.com/cake-store-RESTFul/handler/cake.go:166.2,167.16 2 0
gitlab.com/cake-store-RESTFul/handler/cake.go:173.2,173.69 1 0
gitlab.com/cake-store-RESTFul/handler/cake.go:150.16,153.3 2 0
gitlab.com/cake-store-RESTFul/handler/cake.go:160.16,164.3 3 0
gitlab.com/cake-store-RESTFul/handler/cake.go:167.16,171.3 3 0
gitlab.com/cake-store-RESTFul/handler/cake.go:176.88,179.16 3 0
gitlab.com/cake-store-RESTFul/handler/cake.go:184.2,185.16 2 0
gitlab.com/cake-store-RESTFul/handler/cake.go:191.2,191.69 1 0
gitlab.com/cake-store-RESTFul/handler/cake.go:179.16,182.3 2 0
gitlab.com/cake-store-RESTFul/handler/cake.go:185.16,189.3 3 0
gitlab.com/cake-store-RESTFul/service-manager/service-manager.go:19.59,23.2 1 0
gitlab.com/cake-store-RESTFul/service/mocks/cake_service_mock.go:28.53,32.2 3 0
gitlab.com/cake-store-RESTFul/service/mocks/cake_service_mock.go:35.51,37.2 1 0
gitlab.com/cake-store-RESTFul/service/mocks/cake_service_mock.go:40.78,45.2 4 0
gitlab.com/cake-store-RESTFul/service/mocks/cake_service_mock.go:48.75,51.2 2 0
gitlab.com/cake-store-RESTFul/service/mocks/cake_service_mock.go:54.62,59.2 4 0
gitlab.com/cake-store-RESTFul/service/mocks/cake_service_mock.go:62.74,65.2 2 0
gitlab.com/cake-store-RESTFul/service/mocks/cake_service_mock.go:68.86,74.2 5 0
gitlab.com/cake-store-RESTFul/service/mocks/cake_service_mock.go:77.77,80.2 2 0
gitlab.com/cake-store-RESTFul/service/mocks/cake_service_mock.go:83.167,90.2 6 0
gitlab.com/cake-store-RESTFul/service/mocks/cake_service_mock.go:93.89,96.2 2 0
gitlab.com/cake-store-RESTFul/service/mocks/cake_service_mock.go:99.78,104.2 4 0
gitlab.com/cake-store-RESTFul/service/mocks/cake_service_mock.go:107.75,110.2 2 0
gitlab.com/cake-store-RESTFul/service/cake/request.go:20.46,22.19 1 0
gitlab.com/cake-store-RESTFul/service/cake/request.go:26.2,26.25 1 0
gitlab.com/cake-store-RESTFul/service/cake/request.go:30.2,30.19 1 0
gitlab.com/cake-store-RESTFul/service/cake/request.go:34.2,34.19 1 0
gitlab.com/cake-store-RESTFul/service/cake/request.go:38.2,38.12 1 0
gitlab.com/cake-store-RESTFul/service/cake/request.go:22.19,24.3 1 0
gitlab.com/cake-store-RESTFul/service/cake/request.go:26.25,28.3 1 0
gitlab.com/cake-store-RESTFul/service/cake/request.go:30.19,32.3 1 0
gitlab.com/cake-store-RESTFul/service/cake/request.go:34.19,36.3 1 0
gitlab.com/cake-store-RESTFul/service/cake/request.go:50.55,52.26 1 0
gitlab.com/cake-store-RESTFul/service/cake/request.go:56.2,56.32 1 0
gitlab.com/cake-store-RESTFul/service/cake/request.go:60.2,60.27 1 0
gitlab.com/cake-store-RESTFul/service/cake/request.go:64.2,65.16 2 0
gitlab.com/cake-store-RESTFul/service/cake/request.go:69.2,69.11 1 0
gitlab.com/cake-store-RESTFul/service/cake/request.go:73.2,77.12 4 0
gitlab.com/cake-store-RESTFul/service/cake/request.go:52.26,54.3 1 0
gitlab.com/cake-store-RESTFul/service/cake/request.go:56.32,58.3 1 0
gitlab.com/cake-store-RESTFul/service/cake/request.go:60.27,62.3 1 0
gitlab.com/cake-store-RESTFul/service/cake/request.go:65.16,67.3 1 0
gitlab.com/cake-store-RESTFul/service/cake/request.go:69.11,71.3 1 0
gitlab.com/cake-store-RESTFul/service/cake/request.go:89.61,92.27 2 0
gitlab.com/cake-store-RESTFul/service/cake/request.go:99.2,99.11 1 0
gitlab.com/cake-store-RESTFul/service/cake/request.go:103.2,107.12 4 0
gitlab.com/cake-store-RESTFul/service/cake/request.go:92.27,94.17 2 0
gitlab.com/cake-store-RESTFul/service/cake/request.go:94.17,96.4 1 0
gitlab.com/cake-store-RESTFul/service/cake/request.go:99.11,101.3 1 0
gitlab.com/cake-store-RESTFul/service/cake/request.go:116.51,122.18 4 0
gitlab.com/cake-store-RESTFul/service/cake/request.go:126.2,126.20 1 0
gitlab.com/cake-store-RESTFul/service/cake/request.go:122.18,124.3 1 0
gitlab.com/cake-store-RESTFul/service/cake/request.go:126.20,128.3 1 0
gitlab.com/cake-store-RESTFul/infra/infra.go:14.42,20.2 1 0
gitlab.com/cake-store-RESTFul/infra/mysql.go:16.42,38.16 17 0
gitlab.com/cake-store-RESTFul/infra/mysql.go:42.2,44.3 1 0
gitlab.com/cake-store-RESTFul/infra/mysql.go:38.16,39.13 1 0
gitlab.com/cake-store-RESTFul/service/common/pagination.go:19.54,22.17 2 0
gitlab.com/cake-store-RESTFul/service/common/pagination.go:26.2,26.16 1 0
gitlab.com/cake-store-RESTFul/service/common/pagination.go:30.2,30.17 1 0
gitlab.com/cake-store-RESTFul/service/common/pagination.go:37.2,37.16 1 0
gitlab.com/cake-store-RESTFul/service/common/pagination.go:22.17,24.3 1 0
gitlab.com/cake-store-RESTFul/service/common/pagination.go:26.16,28.3 1 0
gitlab.com/cake-store-RESTFul/service/common/pagination.go:30.17,32.19 2 0
gitlab.com/cake-store-RESTFul/service/common/pagination.go:32.19,34.4 1 0
gitlab.com/cake-store-RESTFul/service/common/pagination.go:37.16,39.18 2 0
gitlab.com/cake-store-RESTFul/service/common/pagination.go:39.18,41.4 1 0
gitlab.com/cake-store-RESTFul/service-manager/service-manager.go:19.59,23.2 1 0
gitlab.com/cake-store-RESTFul/api/api.go:14.103,26.2 8 0
gitlab.com/cake-store-RESTFul/api/api.go:28.97,37.87 6 0
gitlab.com/cake-store-RESTFul/api/api.go:46.2,46.84 1 0
gitlab.com/cake-store-RESTFul/api/api.go:51.2,52.75 2 0
gitlab.com/cake-store-RESTFul/api/api.go:37.87,44.3 5 0
gitlab.com/cake-store-RESTFul/api/api.go:46.84,49.3 2 0
gitlab.com/cake-store-RESTFul/service/mocks/cake_service_mock.go:28.53,32.2 3 0
gitlab.com/cake-store-RESTFul/service/mocks/cake_service_mock.go:35.51,37.2 1 0
gitlab.com/cake-store-RESTFul/service/mocks/cake_service_mock.go:40.78,45.2 4 0
gitlab.com/cake-store-RESTFul/service/mocks/cake_service_mock.go:48.75,51.2 2 0
gitlab.com/cake-store-RESTFul/service/mocks/cake_service_mock.go:54.62,59.2 4 0
gitlab.com/cake-store-RESTFul/service/mocks/cake_service_mock.go:62.74,65.2 2 0
gitlab.com/cake-store-RESTFul/service/mocks/cake_service_mock.go:68.86,74.2 5 0
gitlab.com/cake-store-RESTFul/service/mocks/cake_service_mock.go:77.77,80.2 2 0
gitlab.com/cake-store-RESTFul/service/mocks/cake_service_mock.go:83.167,90.2 6 0
gitlab.com/cake-store-RESTFul/service/mocks/cake_service_mock.go:93.89,96.2 2 0
gitlab.com/cake-store-RESTFul/service/mocks/cake_service_mock.go:99.78,104.2 4 0
gitlab.com/cake-store-RESTFul/service/mocks/cake_service_mock.go:107.75,110.2 2 0
gitlab.com/cake-store-RESTFul/service/mocks/cloudinary_mock.go:27.65,31.2 3 1
gitlab.com/cake-store-RESTFul/service/mocks/cloudinary_mock.go:34.63,36.2 1 1
gitlab.com/cake-store-RESTFul/service/mocks/cloudinary_mock.go:39.140,45.2 5 1
gitlab.com/cake-store-RESTFul/service/mocks/cloudinary_mock.go:48.96,51.2 2 1
gitlab.com/cake-store-RESTFul/repo/mocks/cake_repo_mock.go:27.53,31.2 3 1
gitlab.com/cake-store-RESTFul/repo/mocks/cake_repo_mock.go:34.51,36.2 1 1
gitlab.com/cake-store-RESTFul/repo/mocks/cake_repo_mock.go:39.28,42.2 2 0
gitlab.com/cake-store-RESTFul/repo/mocks/cake_repo_mock.go:45.54,48.2 2 0
gitlab.com/cake-store-RESTFul/repo/mocks/cake_repo_mock.go:51.79,57.2 5 1
gitlab.com/cake-store-RESTFul/repo/mocks/cake_repo_mock.go:60.81,63.2 2 1
gitlab.com/cake-store-RESTFul/repo/mocks/cake_repo_mock.go:66.80,71.2 4 1
gitlab.com/cake-store-RESTFul/repo/mocks/cake_repo_mock.go:74.77,77.2 2 1
gitlab.com/cake-store-RESTFul/repo/mocks/cake_repo_mock.go:80.62,85.2 4 1
gitlab.com/cake-store-RESTFul/repo/mocks/cake_repo_mock.go:88.74,91.2 2 1
gitlab.com/cake-store-RESTFul/repo/mocks/cake_repo_mock.go:94.87,100.2 5 1
gitlab.com/cake-store-RESTFul/repo/mocks/cake_repo_mock.go:103.77,106.2 2 1
gitlab.com/cake-store-RESTFul/repo/mocks/cake_repo_mock.go:109.127,115.2 5 1
gitlab.com/cake-store-RESTFul/repo/mocks/cake_repo_mock.go:118.108,121.2 2 1
gitlab.com/cake-store-RESTFul/repo/mocks/cake_repo_mock.go:124.80,129.2 4 1
gitlab.com/cake-store-RESTFul/repo/mocks/cake_repo_mock.go:132.77,135.2 2 1
gitlab.com/cake-store-RESTFul/infra/cloudinary.go:11.129,13.2 1 0
gitlab.com/cake-store-RESTFul/infra/cloudinary.go:22.51,29.16 6 0
gitlab.com/cake-store-RESTFul/infra/cloudinary.go:33.2,35.3 1 0
gitlab.com/cake-store-RESTFul/infra/cloudinary.go:29.16,30.13 1 0
gitlab.com/cake-store-RESTFul/infra/logger.go:11.33,23.2 2 0
gitlab.com/cake-store-RESTFul/handler/cake.go:25.93,31.2 1 0
gitlab.com/cake-store-RESTFul/handler/cake.go:33.84,37.16 3 0
gitlab.com/cake-store-RESTFul/handler/cake.go:43.2,46.16 3 0
gitlab.com/cake-store-RESTFul/handler/cake.go:52.2,53.16 2 0
gitlab.com/cake-store-RESTFul/handler/cake.go:59.2,59.69 1 0
gitlab.com/cake-store-RESTFul/handler/cake.go:37.16,41.3 3 0
gitlab.com/cake-store-RESTFul/handler/cake.go:46.16,50.3 3 0
gitlab.com/cake-store-RESTFul/handler/cake.go:53.16,57.3 3 0
gitlab.com/cake-store-RESTFul/handler/cake.go:62.92,68.16 4 0
gitlab.com/cake-store-RESTFul/handler/cake.go:73.2,73.42 1 0
gitlab.com/cake-store-RESTFul/handler/cake.go:78.2,79.16 2 0
gitlab.com/cake-store-RESTFul/handler/cake.go:83.2,92.16 3 0
gitlab.com/cake-store-RESTFul/handler/cake.go:98.2,98.69 1 0
gitlab.com/cake-store-RESTFul/handler/cake.go:68.16,71.3 2 0
gitlab.com/cake-store-RESTFul/handler/cake.go:73.42,76.3 2 0
gitlab.com/cake-store-RESTFul/handler/cake.go:79.16,82.3 2 0
gitlab.com/cake-store-RESTFul/handler/cake.go:92.16,96.3 3 0
gitlab.com/cake-store-RESTFul/handler/cake.go:101.85,112.16 7 0
gitlab.com/cake-store-RESTFul/handler/cake.go:118.2,118.85 1 0
gitlab.com/cake-store-RESTFul/handler/cake.go:112.16,116.3 3 0
gitlab.com/cake-store-RESTFul/handler/cake.go:121.91,124.16 3 0
gitlab.com/cake-store-RESTFul/handler/cake.go:129.2,130.40 2 0
gitlab.com/cake-store-RESTFul/handler/cake.go:136.2,136.40 1 0
gitlab.com/cake-store-RESTFul/handler/cake.go:142.2,142.63 1 0
gitlab.com/cake-store-RESTFul/handler/cake.go:124.16,127.3 2 0
gitlab.com/cake-store-RESTFul/handler/cake.go:130.40,134.3 3 0
gitlab.com/cake-store-RESTFul/handler/cake.go:136.40,140.3 3 0
gitlab.com/cake-store-RESTFul/handler/cake.go:145.88,150.16 4 0
gitlab.com/cake-store-RESTFul/handler/cake.go:155.2,160.16 5 0
gitlab.com/cake-store-RESTFul/handler/cake.go:166.2,167.16 2 0
gitlab.com/cake-store-RESTFul/handler/cake.go:173.2,173.69 1 0
gitlab.com/cake-store-RESTFul/handler/cake.go:150.16,153.3 2 0
gitlab.com/cake-store-RESTFul/handler/cake.go:160.16,164.3 3 0
gitlab.com/cake-store-RESTFul/handler/cake.go:167.16,171.3 3 0
gitlab.com/cake-store-RESTFul/handler/cake.go:176.88,179.16 3 0
gitlab.com/cake-store-RESTFul/handler/cake.go:184.2,185.16 2 0
gitlab.com/cake-store-RESTFul/handler/cake.go:191.2,191.69 1 0
gitlab.com/cake-store-RESTFul/handler/cake.go:179.16,182.3 2 0
gitlab.com/cake-store-RESTFul/handler/cake.go:185.16,189.3 3 0
gitlab.com/cake-store-RESTFul/handler/http.go:16.37,18.2 1 0
gitlab.com/cake-store-RESTFul/handler/http.go:20.80,23.16 2 0
gitlab.com/cake-store-RESTFul/handler/http.go:28.2,30.16 3 0
gitlab.com/cake-store-RESTFul/handler/http.go:23.16,25.13 2 0
gitlab.com/cake-store-RESTFul/handler/http.go:30.16,32.13 2 0
gitlab.com/cake-store-RESTFul/service/cake.go:30.80,36.2 1 1
gitlab.com/cake-store-RESTFul/service/cake.go:38.83,41.16 2 1
gitlab.com/cake-store-RESTFul/service/cake.go:46.2,55.16 3 1
gitlab.com/cake-store-RESTFul/service/cake.go:60.2,60.12 1 1
gitlab.com/cake-store-RESTFul/service/cake.go:41.16,44.3 2 1
gitlab.com/cake-store-RESTFul/service/cake.go:55.16,58.3 2 1
gitlab.com/cake-store-RESTFul/service/cake.go:63.194,67.16 3 1
gitlab.com/cake-store-RESTFul/service/cake.go:72.2,72.29 1 1
gitlab.com/cake-store-RESTFul/service/cake.go:90.2,90.19 1 1
gitlab.com/cake-store-RESTFul/service/cake.go:94.2,95.16 2 1
gitlab.com/cake-store-RESTFul/service/cake.go:100.2,106.29 2 1
gitlab.com/cake-store-RESTFul/service/cake.go:67.16,70.3 2 1
gitlab.com/cake-store-RESTFul/service/cake.go:72.29,83.27 2 1
gitlab.com/cake-store-RESTFul/service/cake.go:87.3,87.23 1 1
gitlab.com/cake-store-RESTFul/service/cake.go:83.27,85.4 1 1
gitlab.com/cake-store-RESTFul/service/cake.go:90.19,92.3 1 0
gitlab.com/cake-store-RESTFul/service/cake.go:95.16,98.3 2 1
gitlab.com/cake-store-RESTFul/service/cake.go:109.93,112.16 2 1
gitlab.com/cake-store-RESTFul/service/cake.go:117.2,126.26 2 1
gitlab.com/cake-store-RESTFul/service/cake.go:130.2,130.17 1 1
gitlab.com/cake-store-RESTFul/service/cake.go:112.16,115.3 2 1
gitlab.com/cake-store-RESTFul/service/cake.go:126.26,128.3 1 1
gitlab.com/cake-store-RESTFul/service/cake.go:133.83,138.22 3 1
gitlab.com/cake-store-RESTFul/service/cake.go:147.2,156.16 3 1
gitlab.com/cake-store-RESTFul/service/cake.go:161.2,161.12 1 1
gitlab.com/cake-store-RESTFul/service/cake.go:138.22,140.17 2 1
gitlab.com/cake-store-RESTFul/service/cake.go:144.3,144.15 1 1
gitlab.com/cake-store-RESTFul/service/cake.go:140.17,143.4 2 1
gitlab.com/cake-store-RESTFul/service/cake.go:156.16,159.3 2 1
gitlab.com/cake-store-RESTFul/service/cake.go:164.64,166.2 1 1
gitlab.com/cake-store-RESTFul/repo/cake.go:38.54,43.2 1 0
gitlab.com/cake-store-RESTFul/repo/cake.go:45.77,50.16 3 0
gitlab.com/cake-store-RESTFul/repo/cake.go:54.2,57.16 3 0
gitlab.com/cake-store-RESTFul/repo/cake.go:62.2,62.12 1 0
gitlab.com/cake-store-RESTFul/repo/cake.go:50.16,53.3 2 0
gitlab.com/cake-store-RESTFul/repo/cake.go:57.16,60.3 2 0
gitlab.com/cake-store-RESTFul/repo/cake.go:65.129,69.18 2 0
gitlab.com/cake-store-RESTFul/repo/cake.go:73.2,77.16 4 0
gitlab.com/cake-store-RESTFul/repo/cake.go:82.2,84.18 2 0
gitlab.com/cake-store-RESTFul/repo/cake.go:93.2,93.8 1 0
gitlab.com/cake-store-RESTFul/repo/cake.go:69.18,71.3 1 0
gitlab.com/cake-store-RESTFul/repo/cake.go:77.16,80.3 2 0
gitlab.com/cake-store-RESTFul/repo/cake.go:84.18,87.17 3 0
gitlab.com/cake-store-RESTFul/repo/cake.go:91.3,91.32 1 0
gitlab.com/cake-store-RESTFul/repo/cake.go:87.17,90.4 2 0
gitlab.com/cake-store-RESTFul/repo/cake.go:97.85,101.18 2 0
gitlab.com/cake-store-RESTFul/repo/cake.go:105.2,106.16 2 0
gitlab.com/cake-store-RESTFul/repo/cake.go:111.2,113.16 3 0
gitlab.com/cake-store-RESTFul/repo/cake.go:118.2,118.8 1 0
gitlab.com/cake-store-RESTFul/repo/cake.go:101.18,103.3 1 0
gitlab.com/cake-store-RESTFul/repo/cake.go:106.16,109.3 2 0
gitlab.com/cake-store-RESTFul/repo/cake.go:113.16,116.3 2 0
gitlab.com/cake-store-RESTFul/repo/cake.go:121.89,127.16 4 0
gitlab.com/cake-store-RESTFul/repo/cake.go:132.2,132.8 1 0
gitlab.com/cake-store-RESTFul/repo/cake.go:127.16,130.3 2 0
gitlab.com/cake-store-RESTFul/repo/cake.go:135.77,140.23 3 0
gitlab.com/cake-store-RESTFul/repo/cake.go:145.2,145.29 1 0
gitlab.com/cake-store-RESTFul/repo/cake.go:150.2,150.23 1 0
gitlab.com/cake-store-RESTFul/repo/cake.go:155.2,155.23 1 0
gitlab.com/cake-store-RESTFul/repo/cake.go:160.2,160.27 1 0
gitlab.com/cake-store-RESTFul/repo/cake.go:165.2,168.16 3 0
gitlab.com/cake-store-RESTFul/repo/cake.go:172.2,175.16 3 0
gitlab.com/cake-store-RESTFul/repo/cake.go:180.2,180.8 1 0
gitlab.com/cake-store-RESTFul/repo/cake.go:140.23,143.3 2 0
gitlab.com/cake-store-RESTFul/repo/cake.go:145.29,148.3 2 0
gitlab.com/cake-store-RESTFul/repo/cake.go:150.23,153.3 2 0
gitlab.com/cake-store-RESTFul/repo/cake.go:155.23,158.3 2 0
gitlab.com/cake-store-RESTFul/repo/cake.go:160.27,163.3 2 0
gitlab.com/cake-store-RESTFul/repo/cake.go:168.16,171.3 2 0
gitlab.com/cake-store-RESTFul/repo/cake.go:175.16,178.3 2 0
gitlab.com/cake-store-RESTFul/repo/cake.go:183.64,188.16 3 0
gitlab.com/cake-store-RESTFul/repo/cake.go:192.2,195.16 3 0
gitlab.com/cake-store-RESTFul/repo/cake.go:200.2,200.8 1 0
gitlab.com/cake-store-RESTFul/repo/cake.go:188.16,191.3 2 0
gitlab.com/cake-store-RESTFul/repo/cake.go:195.16,198.3 2 0
gitlab.com/cake-store-RESTFul/repo/cake.go:203.24,205.2 1 0
gitlab.com/cake-store-RESTFul/service/cake/request.go:20.46,22.19 1 0
gitlab.com/cake-store-RESTFul/service/cake/request.go:26.2,26.25 1 0
gitlab.com/cake-store-RESTFul/service/cake/request.go:30.2,30.19 1 0
gitlab.com/cake-store-RESTFul/service/cake/request.go:34.2,34.19 1 0
gitlab.com/cake-store-RESTFul/service/cake/request.go:38.2,38.12 1 0
gitlab.com/cake-store-RESTFul/service/cake/request.go:22.19,24.3 1 0
gitlab.com/cake-store-RESTFul/service/cake/request.go:26.25,28.3 1 0
gitlab.com/cake-store-RESTFul/service/cake/request.go:30.19,32.3 1 0
gitlab.com/cake-store-RESTFul/service/cake/request.go:34.19,36.3 1 0
gitlab.com/cake-store-RESTFul/service/cake/request.go:50.55,52.26 1 0
gitlab.com/cake-store-RESTFul/service/cake/request.go:56.2,56.32 1 0
gitlab.com/cake-store-RESTFul/service/cake/request.go:60.2,60.27 1 0
gitlab.com/cake-store-RESTFul/service/cake/request.go:64.2,65.16 2 0
gitlab.com/cake-store-RESTFul/service/cake/request.go:69.2,69.11 1 0
gitlab.com/cake-store-RESTFul/service/cake/request.go:73.2,77.12 4 0
gitlab.com/cake-store-RESTFul/service/cake/request.go:52.26,54.3 1 0
gitlab.com/cake-store-RESTFul/service/cake/request.go:56.32,58.3 1 0
gitlab.com/cake-store-RESTFul/service/cake/request.go:60.27,62.3 1 0
gitlab.com/cake-store-RESTFul/service/cake/request.go:65.16,67.3 1 0
gitlab.com/cake-store-RESTFul/service/cake/request.go:69.11,71.3 1 0
gitlab.com/cake-store-RESTFul/service/cake/request.go:89.61,92.27 2 0
gitlab.com/cake-store-RESTFul/service/cake/request.go:99.2,99.11 1 0
gitlab.com/cake-store-RESTFul/service/cake/request.go:103.2,107.12 4 0
gitlab.com/cake-store-RESTFul/service/cake/request.go:92.27,94.17 2 0
gitlab.com/cake-store-RESTFul/service/cake/request.go:94.17,96.4 1 0
gitlab.com/cake-store-RESTFul/service/cake/request.go:99.11,101.3 1 0
gitlab.com/cake-store-RESTFul/service/cake/request.go:116.51,122.18 4 0
gitlab.com/cake-store-RESTFul/service/cake/request.go:126.2,126.20 1 0
gitlab.com/cake-store-RESTFul/service/cake/request.go:122.18,124.3 1 0
gitlab.com/cake-store-RESTFul/service/cake/request.go:126.20,128.3 1 0
gitlab.com/cake-store-RESTFul/service-manager/cake.go:17.47,18.25 1 0
gitlab.com/cake-store-RESTFul/service-manager/cake.go:21.2,21.17 1 0
gitlab.com/cake-store-RESTFul/service-manager/cake.go:18.25,20.3 1 0
gitlab.com/cake-store-RESTFul/service-manager/cake.go:24.53,25.28 1 0
gitlab.com/cake-store-RESTFul/service-manager/cake.go:28.2,28.20 1 0
gitlab.com/cake-store-RESTFul/service-manager/cake.go:25.28,27.3 1 0
gitlab.com/cake-store-RESTFul/main.go:10.13,18.16 6 0
gitlab.com/cake-store-RESTFul/main.go:22.2,25.47 3 0
gitlab.com/cake-store-RESTFul/main.go:18.16,19.13 1 0
gitlab.com/cake-store-RESTFul/repo/cake.go:38.54,43.2 1 1
gitlab.com/cake-store-RESTFul/repo/cake.go:45.77,50.16 3 0
gitlab.com/cake-store-RESTFul/repo/cake.go:54.2,57.16 3 0
gitlab.com/cake-store-RESTFul/repo/cake.go:62.2,62.12 1 0
gitlab.com/cake-store-RESTFul/repo/cake.go:50.16,53.3 2 0
gitlab.com/cake-store-RESTFul/repo/cake.go:57.16,60.3 2 0
gitlab.com/cake-store-RESTFul/repo/cake.go:65.129,69.18 2 0
gitlab.com/cake-store-RESTFul/repo/cake.go:73.2,77.16 4 0
gitlab.com/cake-store-RESTFul/repo/cake.go:82.2,84.18 2 0
gitlab.com/cake-store-RESTFul/repo/cake.go:93.2,93.8 1 0
gitlab.com/cake-store-RESTFul/repo/cake.go:69.18,71.3 1 0
gitlab.com/cake-store-RESTFul/repo/cake.go:77.16,80.3 2 0
gitlab.com/cake-store-RESTFul/repo/cake.go:84.18,87.17 3 0
gitlab.com/cake-store-RESTFul/repo/cake.go:91.3,91.32 1 0
gitlab.com/cake-store-RESTFul/repo/cake.go:87.17,90.4 2 0
gitlab.com/cake-store-RESTFul/repo/cake.go:97.85,101.18 2 0
gitlab.com/cake-store-RESTFul/repo/cake.go:105.2,106.16 2 0
gitlab.com/cake-store-RESTFul/repo/cake.go:111.2,113.16 3 0
gitlab.com/cake-store-RESTFul/repo/cake.go:118.2,118.8 1 0
gitlab.com/cake-store-RESTFul/repo/cake.go:101.18,103.3 1 0
gitlab.com/cake-store-RESTFul/repo/cake.go:106.16,109.3 2 0
gitlab.com/cake-store-RESTFul/repo/cake.go:113.16,116.3 2 0
gitlab.com/cake-store-RESTFul/repo/cake.go:121.89,127.16 4 0
gitlab.com/cake-store-RESTFul/repo/cake.go:132.2,132.8 1 0
gitlab.com/cake-store-RESTFul/repo/cake.go:127.16,130.3 2 0
gitlab.com/cake-store-RESTFul/repo/cake.go:135.77,140.23 3 0
gitlab.com/cake-store-RESTFul/repo/cake.go:145.2,145.29 1 0
gitlab.com/cake-store-RESTFul/repo/cake.go:150.2,150.23 1 0
gitlab.com/cake-store-RESTFul/repo/cake.go:155.2,155.23 1 0
gitlab.com/cake-store-RESTFul/repo/cake.go:160.2,160.27 1 0
gitlab.com/cake-store-RESTFul/repo/cake.go:165.2,168.16 3 0
gitlab.com/cake-store-RESTFul/repo/cake.go:172.2,175.16 3 0
gitlab.com/cake-store-RESTFul/repo/cake.go:180.2,180.8 1 0
gitlab.com/cake-store-RESTFul/repo/cake.go:140.23,143.3 2 0
gitlab.com/cake-store-RESTFul/repo/cake.go:145.29,148.3 2 0
gitlab.com/cake-store-RESTFul/repo/cake.go:150.23,153.3 2 0
gitlab.com/cake-store-RESTFul/repo/cake.go:155.23,158.3 2 0
gitlab.com/cake-store-RESTFul/repo/cake.go:160.27,163.3 2 0
gitlab.com/cake-store-RESTFul/repo/cake.go:168.16,171.3 2 0
gitlab.com/cake-store-RESTFul/repo/cake.go:175.16,178.3 2 0
gitlab.com/cake-store-RESTFul/repo/cake.go:183.64,188.16 3 0
gitlab.com/cake-store-RESTFul/repo/cake.go:192.2,195.16 3 0
gitlab.com/cake-store-RESTFul/repo/cake.go:200.2,200.8 1 0
gitlab.com/cake-store-RESTFul/repo/cake.go:188.16,191.3 2 0
gitlab.com/cake-store-RESTFul/repo/cake.go:195.16,198.3 2 0
gitlab.com/cake-store-RESTFul/repo/cake.go:203.24,205.2 1 0
gitlab.com/cake-store-RESTFul/service/cake/request.go:20.46,22.19 1 0
gitlab.com/cake-store-RESTFul/service/cake/request.go:26.2,26.25 1 0
gitlab.com/cake-store-RESTFul/service/cake/request.go:30.2,30.19 1 0
gitlab.com/cake-store-RESTFul/service/cake/request.go:34.2,34.19 1 0
gitlab.com/cake-store-RESTFul/service/cake/request.go:38.2,38.12 1 0
gitlab.com/cake-store-RESTFul/service/cake/request.go:22.19,24.3 1 0
gitlab.com/cake-store-RESTFul/service/cake/request.go:26.25,28.3 1 0
gitlab.com/cake-store-RESTFul/service/cake/request.go:30.19,32.3 1 0
gitlab.com/cake-store-RESTFul/service/cake/request.go:34.19,36.3 1 0
gitlab.com/cake-store-RESTFul/service/cake/request.go:50.55,52.26 1 0
gitlab.com/cake-store-RESTFul/service/cake/request.go:56.2,56.32 1 0
gitlab.com/cake-store-RESTFul/service/cake/request.go:60.2,60.27 1 0
gitlab.com/cake-store-RESTFul/service/cake/request.go:64.2,65.16 2 0
gitlab.com/cake-store-RESTFul/service/cake/request.go:69.2,69.11 1 0
gitlab.com/cake-store-RESTFul/service/cake/request.go:73.2,77.12 4 0
gitlab.com/cake-store-RESTFul/service/cake/request.go:52.26,54.3 1 0
gitlab.com/cake-store-RESTFul/service/cake/request.go:56.32,58.3 1 0
gitlab.com/cake-store-RESTFul/service/cake/request.go:60.27,62.3 1 0
gitlab.com/cake-store-RESTFul/service/cake/request.go:65.16,67.3 1 0
gitlab.com/cake-store-RESTFul/service/cake/request.go:69.11,71.3 1 0
gitlab.com/cake-store-RESTFul/service/cake/request.go:89.61,92.27 2 0
gitlab.com/cake-store-RESTFul/service/cake/request.go:99.2,99.11 1 0
gitlab.com/cake-store-RESTFul/service/cake/request.go:103.2,107.12 4 0
gitlab.com/cake-store-RESTFul/service/cake/request.go:92.27,94.17 2 0
gitlab.com/cake-store-RESTFul/service/cake/request.go:94.17,96.4 1 0
gitlab.com/cake-store-RESTFul/service/cake/request.go:99.11,101.3 1 0
gitlab.com/cake-store-RESTFul/service/cake/request.go:116.51,122.18 4 0
gitlab.com/cake-store-RESTFul/service/cake/request.go:126.2,126.20 1 0
gitlab.com/cake-store-RESTFul/service/cake/request.go:122.18,124.3 1 0
gitlab.com/cake-store-RESTFul/service/cake/request.go:126.20,128.3 1 0
gitlab.com/cake-store-RESTFul/main.go:10.13,18.16 6 0
gitlab.com/cake-store-RESTFul/main.go:22.2,25.47 3 0
gitlab.com/cake-store-RESTFul/main.go:18.16,19.13 1 0
gitlab.com/cake-store-RESTFul/infra/infra.go:14.42,20.2 1 0
gitlab.com/cake-store-RESTFul/infra/logger.go:11.33,23.2 2 0
gitlab.com/cake-store-RESTFul/infra/mysql.go:16.42,38.16 17 0
gitlab.com/cake-store-RESTFul/infra/mysql.go:42.2,44.3 1 0
gitlab.com/cake-store-RESTFul/infra/mysql.go:38.16,39.13 1 0
gitlab.com/cake-store-RESTFul/service/cake.go:30.80,36.2 1 1
gitlab.com/cake-store-RESTFul/service/cake.go:38.83,41.16 2 0
gitlab.com/cake-store-RESTFul/service/cake.go:46.2,55.16 3 0
gitlab.com/cake-store-RESTFul/service/cake.go:60.2,60.12 1 0
gitlab.com/cake-store-RESTFul/service/cake.go:41.16,44.3 2 0
gitlab.com/cake-store-RESTFul/service/cake.go:55.16,58.3 2 0
gitlab.com/cake-store-RESTFul/service/cake.go:63.194,67.16 3 0
gitlab.com/cake-store-RESTFul/service/cake.go:72.2,72.29 1 0
gitlab.com/cake-store-RESTFul/service/cake.go:90.2,90.19 1 0
gitlab.com/cake-store-RESTFul/service/cake.go:94.2,95.16 2 0
gitlab.com/cake-store-RESTFul/service/cake.go:100.2,106.29 2 0
gitlab.com/cake-store-RESTFul/service/cake.go:67.16,70.3 2 0
gitlab.com/cake-store-RESTFul/service/cake.go:72.29,83.27 2 0
gitlab.com/cake-store-RESTFul/service/cake.go:87.3,87.23 1 0
gitlab.com/cake-store-RESTFul/service/cake.go:83.27,85.4 1 0
gitlab.com/cake-store-RESTFul/service/cake.go:90.19,92.3 1 0
gitlab.com/cake-store-RESTFul/service/cake.go:95.16,98.3 2 0
gitlab.com/cake-store-RESTFul/service/cake.go:109.93,112.16 2 0
gitlab.com/cake-store-RESTFul/service/cake.go:117.2,126.26 2 0
gitlab.com/cake-store-RESTFul/service/cake.go:130.2,130.17 1 0
gitlab.com/cake-store-RESTFul/service/cake.go:112.16,115.3 2 0
gitlab.com/cake-store-RESTFul/service/cake.go:126.26,128.3 1 0
gitlab.com/cake-store-RESTFul/service/cake.go:133.83,138.22 3 0
gitlab.com/cake-store-RESTFul/service/cake.go:147.2,156.16 3 0
gitlab.com/cake-store-RESTFul/service/cake.go:161.2,161.12 1 0
gitlab.com/cake-store-RESTFul/service/cake.go:138.22,140.17 2 0
gitlab.com/cake-store-RESTFul/service/cake.go:144.3,144.15 1 0
gitlab.com/cake-store-RESTFul/service/cake.go:140.17,143.4 2 0
gitlab.com/cake-store-RESTFul/service/cake.go:156.16,159.3 2 0
gitlab.com/cake-store-RESTFul/service/cake.go:164.64,166.2 1 0
gitlab.com/cake-store-RESTFul/handler/cake.go:25.93,31.2 1 0
gitlab.com/cake-store-RESTFul/handler/cake.go:33.84,37.16 3 0
gitlab.com/cake-store-RESTFul/handler/cake.go:43.2,46.16 3 0
gitlab.com/cake-store-RESTFul/handler/cake.go:52.2,53.16 2 0
gitlab.com/cake-store-RESTFul/handler/cake.go:59.2,59.69 1 0
gitlab.com/cake-store-RESTFul/handler/cake.go:37.16,41.3 3 0
gitlab.com/cake-store-RESTFul/handler/cake.go:46.16,50.3 3 0
gitlab.com/cake-store-RESTFul/handler/cake.go:53.16,57.3 3 0
gitlab.com/cake-store-RESTFul/handler/cake.go:62.92,68.16 4 0
gitlab.com/cake-store-RESTFul/handler/cake.go:73.2,73.42 1 0
gitlab.com/cake-store-RESTFul/handler/cake.go:78.2,79.16 2 0
gitlab.com/cake-store-RESTFul/handler/cake.go:83.2,92.16 3 0
gitlab.com/cake-store-RESTFul/handler/cake.go:98.2,98.69 1 0
gitlab.com/cake-store-RESTFul/handler/cake.go:68.16,71.3 2 0
gitlab.com/cake-store-RESTFul/handler/cake.go:73.42,76.3 2 0
gitlab.com/cake-store-RESTFul/handler/cake.go:79.16,82.3 2 0
gitlab.com/cake-store-RESTFul/handler/cake.go:92.16,96.3 3 0
gitlab.com/cake-store-RESTFul/handler/cake.go:101.85,112.16 7 0
gitlab.com/cake-store-RESTFul/handler/cake.go:118.2,118.85 1 0
gitlab.com/cake-store-RESTFul/handler/cake.go:112.16,116.3 3 0
gitlab.com/cake-store-RESTFul/handler/cake.go:121.91,124.16 3 0
gitlab.com/cake-store-RESTFul/handler/cake.go:129.2,130.40 2 0
gitlab.com/cake-store-RESTFul/handler/cake.go:136.2,136.40 1 0
gitlab.com/cake-store-RESTFul/handler/cake.go:142.2,142.63 1 0
gitlab.com/cake-store-RESTFul/handler/cake.go:124.16,127.3 2 0
gitlab.com/cake-store-RESTFul/handler/cake.go:130.40,134.3 3 0
gitlab.com/cake-store-RESTFul/handler/cake.go:136.40,140.3 3 0
gitlab.com/cake-store-RESTFul/handler/cake.go:145.88,150.16 4 0
gitlab.com/cake-store-RESTFul/handler/cake.go:155.2,160.16 5 0
gitlab.com/cake-store-RESTFul/handler/cake.go:166.2,167.16 2 0
gitlab.com/cake-store-RESTFul/handler/cake.go:173.2,173.69 1 0
gitlab.com/cake-store-RESTFul/handler/cake.go:150.16,153.3 2 0
gitlab.com/cake-store-RESTFul/handler/cake.go:160.16,164.3 3 0
gitlab.com/cake-store-RESTFul/handler/cake.go:167.16,171.3 3 0
gitlab.com/cake-store-RESTFul/handler/cake.go:176.88,179.16 3 0
gitlab.com/cake-store-RESTFul/handler/cake.go:184.2,185.16 2 0
gitlab.com/cake-store-RESTFul/handler/cake.go:191.2,191.69 1 0
gitlab.com/cake-store-RESTFul/handler/cake.go:179.16,182.3 2 0
gitlab.com/cake-store-RESTFul/handler/cake.go:185.16,189.3 3 0
gitlab.com/cake-store-RESTFul/api/api.go:14.103,26.2 8 0
gitlab.com/cake-store-RESTFul/api/api.go:28.97,37.87 6 0
gitlab.com/cake-store-RESTFul/api/api.go:46.2,46.84 1 0
gitlab.com/cake-store-RESTFul/api/api.go:51.2,52.75 2 0
gitlab.com/cake-store-RESTFul/api/api.go:37.87,44.3 5 0
gitlab.com/cake-store-RESTFul/api/api.go:46.84,49.3 2 0
gitlab.com/cake-store-RESTFul/service/mocks/cloudinary_mock.go:27.65,31.2 3 1
gitlab.com/cake-store-RESTFul/service/mocks/cloudinary_mock.go:34.63,36.2 1 0
gitlab.com/cake-store-RESTFul/service/mocks/cloudinary_mock.go:39.140,45.2 5 0
gitlab.com/cake-store-RESTFul/service/mocks/cloudinary_mock.go:48.96,51.2 2 0
gitlab.com/cake-store-RESTFul/infra/cloudinary.go:11.129,13.2 1 0
gitlab.com/cake-store-RESTFul/infra/cloudinary.go:22.51,29.16 6 0
gitlab.com/cake-store-RESTFul/infra/cloudinary.go:33.2,35.3 1 0
gitlab.com/cake-store-RESTFul/infra/cloudinary.go:29.16,30.13 1 0
gitlab.com/cake-store-RESTFul/service/common/pagination.go:19.54,22.17 2 0
gitlab.com/cake-store-RESTFul/service/common/pagination.go:26.2,26.16 1 0
gitlab.com/cake-store-RESTFul/service/common/pagination.go:30.2,30.17 1 0
gitlab.com/cake-store-RESTFul/service/common/pagination.go:37.2,37.16 1 0
gitlab.com/cake-store-RESTFul/service/common/pagination.go:22.17,24.3 1 0
gitlab.com/cake-store-RESTFul/service/common/pagination.go:26.16,28.3 1 0
gitlab.com/cake-store-RESTFul/service/common/pagination.go:30.17,32.19 2 0
gitlab.com/cake-store-RESTFul/service/common/pagination.go:32.19,34.4 1 0
gitlab.com/cake-store-RESTFul/service/common/pagination.go:37.16,39.18 2 0
gitlab.com/cake-store-RESTFul/service/common/pagination.go:39.18,41.4 1 0
gitlab.com/cake-store-RESTFul/handler/http.go:16.37,18.2 1 0
gitlab.com/cake-store-RESTFul/handler/http.go:20.80,23.16 2 0
gitlab.com/cake-store-RESTFul/handler/http.go:28.2,30.16 3 0
gitlab.com/cake-store-RESTFul/handler/http.go:23.16,25.13 2 0
gitlab.com/cake-store-RESTFul/handler/http.go:30.16,32.13 2 0
gitlab.com/cake-store-RESTFul/service-manager/service-manager.go:19.59,23.2 1 1
gitlab.com/cake-store-RESTFul/service/mocks/cake_service_mock.go:28.53,32.2 3 0
gitlab.com/cake-store-RESTFul/service/mocks/cake_service_mock.go:35.51,37.2 1 0
gitlab.com/cake-store-RESTFul/service/mocks/cake_service_mock.go:40.78,45.2 4 0
gitlab.com/cake-store-RESTFul/service/mocks/cake_service_mock.go:48.75,51.2 2 0
gitlab.com/cake-store-RESTFul/service/mocks/cake_service_mock.go:54.62,59.2 4 0
gitlab.com/cake-store-RESTFul/service/mocks/cake_service_mock.go:62.74,65.2 2 0
gitlab.com/cake-store-RESTFul/service/mocks/cake_service_mock.go:68.86,74.2 5 0
gitlab.com/cake-store-RESTFul/service/mocks/cake_service_mock.go:77.77,80.2 2 0
gitlab.com/cake-store-RESTFul/service/mocks/cake_service_mock.go:83.167,90.2 6 0
gitlab.com/cake-store-RESTFul/service/mocks/cake_service_mock.go:93.89,96.2 2 0
gitlab.com/cake-store-RESTFul/service/mocks/cake_service_mock.go:99.78,104.2 4 0
gitlab.com/cake-store-RESTFul/service/mocks/cake_service_mock.go:107.75,110.2 2 0
gitlab.com/cake-store-RESTFul/repo/mocks/cake_repo_mock.go:27.53,31.2 3 0
gitlab.com/cake-store-RESTFul/repo/mocks/cake_repo_mock.go:34.51,36.2 1 0
gitlab.com/cake-store-RESTFul/repo/mocks/cake_repo_mock.go:39.28,42.2 2 0
gitlab.com/cake-store-RESTFul/repo/mocks/cake_repo_mock.go:45.54,48.2 2 0
gitlab.com/cake-store-RESTFul/repo/mocks/cake_repo_mock.go:51.79,57.2 5 0
gitlab.com/cake-store-RESTFul/repo/mocks/cake_repo_mock.go:60.81,63.2 2 0
gitlab.com/cake-store-RESTFul/repo/mocks/cake_repo_mock.go:66.80,71.2 4 0
gitlab.com/cake-store-RESTFul/repo/mocks/cake_repo_mock.go:74.77,77.2 2 0
gitlab.com/cake-store-RESTFul/repo/mocks/cake_repo_mock.go:80.62,85.2 4 0
gitlab.com/cake-store-RESTFul/repo/mocks/cake_repo_mock.go:88.74,91.2 2 0
gitlab.com/cake-store-RESTFul/repo/mocks/cake_repo_mock.go:94.87,100.2 5 0
gitlab.com/cake-store-RESTFul/repo/mocks/cake_repo_mock.go:103.77,106.2 2 0
gitlab.com/cake-store-RESTFul/repo/mocks/cake_repo_mock.go:109.127,115.2 5 0
gitlab.com/cake-store-RESTFul/repo/mocks/cake_repo_mock.go:118.108,121.2 2 0
gitlab.com/cake-store-RESTFul/repo/mocks/cake_repo_mock.go:124.80,129.2 4 0
gitlab.com/cake-store-RESTFul/repo/mocks/cake_repo_mock.go:132.77,135.2 2 0
gitlab.com/cake-store-RESTFul/service-manager/cake.go:17.47,18.25 1 1
gitlab.com/cake-store-RESTFul/service-manager/cake.go:21.2,21.17 1 1
gitlab.com/cake-store-RESTFul/service-manager/cake.go:18.25,20.3 1 1
gitlab.com/cake-store-RESTFul/service-manager/cake.go:24.53,25.28 1 1
gitlab.com/cake-store-RESTFul/service-manager/cake.go:28.2,28.20 1 1
gitlab.com/cake-store-RESTFul/service-manager/cake.go:25.28,27.3 1 1
gitlab.com/cake-store-RESTFul/service-manager/service-manager.go:19.59,23.2 1 0
gitlab.com/cake-store-RESTFul/service/mocks/cake_service_mock.go:28.53,32.2 3 1
gitlab.com/cake-store-RESTFul/service/mocks/cake_service_mock.go:35.51,37.2 1 1
gitlab.com/cake-store-RESTFul/service/mocks/cake_service_mock.go:40.78,45.2 4 1
gitlab.com/cake-store-RESTFul/service/mocks/cake_service_mock.go:48.75,51.2 2 1
gitlab.com/cake-store-RESTFul/service/mocks/cake_service_mock.go:54.62,59.2 4 1
gitlab.com/cake-store-RESTFul/service/mocks/cake_service_mock.go:62.74,65.2 2 1
gitlab.com/cake-store-RESTFul/service/mocks/cake_service_mock.go:68.86,74.2 5 1
gitlab.com/cake-store-RESTFul/service/mocks/cake_service_mock.go:77.77,80.2 2 1
gitlab.com/cake-store-RESTFul/service/mocks/cake_service_mock.go:83.167,90.2 6 1
gitlab.com/cake-store-RESTFul/service/mocks/cake_service_mock.go:93.89,96.2 2 1
gitlab.com/cake-store-RESTFul/service/mocks/cake_service_mock.go:99.78,104.2 4 1
gitlab.com/cake-store-RESTFul/service/mocks/cake_service_mock.go:107.75,110.2 2 1
gitlab.com/cake-store-RESTFul/service/mocks/cloudinary_mock.go:27.65,31.2 3 0
gitlab.com/cake-store-RESTFul/service/mocks/cloudinary_mock.go:34.63,36.2 1 0
gitlab.com/cake-store-RESTFul/service/mocks/cloudinary_mock.go:39.140,45.2 5 0
gitlab.com/cake-store-RESTFul/service/mocks/cloudinary_mock.go:48.96,51.2 2 0
gitlab.com/cake-store-RESTFul/repo/mocks/cake_repo_mock.go:27.53,31.2 3 0
gitlab.com/cake-store-RESTFul/repo/mocks/cake_repo_mock.go:34.51,36.2 1 0
gitlab.com/cake-store-RESTFul/repo/mocks/cake_repo_mock.go:39.28,42.2 2 0
gitlab.com/cake-store-RESTFul/repo/mocks/cake_repo_mock.go:45.54,48.2 2 0
gitlab.com/cake-store-RESTFul/repo/mocks/cake_repo_mock.go:51.79,57.2 5 0
gitlab.com/cake-store-RESTFul/repo/mocks/cake_repo_mock.go:60.81,63.2 2 0
gitlab.com/cake-store-RESTFul/repo/mocks/cake_repo_mock.go:66.80,71.2 4 0
gitlab.com/cake-store-RESTFul/repo/mocks/cake_repo_mock.go:74.77,77.2 2 0
gitlab.com/cake-store-RESTFul/repo/mocks/cake_repo_mock.go:80.62,85.2 4 0
gitlab.com/cake-store-RESTFul/repo/mocks/cake_repo_mock.go:88.74,91.2 2 0
gitlab.com/cake-store-RESTFul/repo/mocks/cake_repo_mock.go:94.87,100.2 5 0
gitlab.com/cake-store-RESTFul/repo/mocks/cake_repo_mock.go:103.77,106.2 2 0
gitlab.com/cake-store-RESTFul/repo/mocks/cake_repo_mock.go:109.127,115.2 5 0
gitlab.com/cake-store-RESTFul/repo/mocks/cake_repo_mock.go:118.108,121.2 2 0
gitlab.com/cake-store-RESTFul/repo/mocks/cake_repo_mock.go:124.80,129.2 4 0
gitlab.com/cake-store-RESTFul/repo/mocks/cake_repo_mock.go:132.77,135.2 2 0
gitlab.com/cake-store-RESTFul/handler/http.go:16.37,18.2 1 1
gitlab.com/cake-store-RESTFul/handler/http.go:20.80,23.16 2 1
gitlab.com/cake-store-RESTFul/handler/http.go:28.2,30.16 3 1
gitlab.com/cake-store-RESTFul/handler/http.go:23.16,25.13 2 0
gitlab.com/cake-store-RESTFul/handler/http.go:30.16,32.13 2 0
gitlab.com/cake-store-RESTFul/infra/cloudinary.go:11.129,13.2 1 0
gitlab.com/cake-store-RESTFul/infra/cloudinary.go:22.51,29.16 6 0
gitlab.com/cake-store-RESTFul/infra/cloudinary.go:33.2,35.3 1 0
gitlab.com/cake-store-RESTFul/infra/cloudinary.go:29.16,30.13 1 0
gitlab.com/cake-store-RESTFul/service-manager/cake.go:17.47,18.25 1 0
gitlab.com/cake-store-RESTFul/service-manager/cake.go:21.2,21.17 1 0
gitlab.com/cake-store-RESTFul/service-manager/cake.go:18.25,20.3 1 0
gitlab.com/cake-store-RESTFul/service-manager/cake.go:24.53,25.28 1 0
gitlab.com/cake-store-RESTFul/service-manager/cake.go:28.2,28.20 1 0
gitlab.com/cake-store-RESTFul/service-manager/cake.go:25.28,27.3 1 0
gitlab.com/cake-store-RESTFul/service/cake.go:30.80,36.2 1 0
gitlab.com/cake-store-RESTFul/service/cake.go:38.83,41.16 2 0
gitlab.com/cake-store-RESTFul/service/cake.go:46.2,55.16 3 0
gitlab.com/cake-store-RESTFul/service/cake.go:60.2,60.12 1 0
gitlab.com/cake-store-RESTFul/service/cake.go:41.16,44.3 2 0
gitlab.com/cake-store-RESTFul/service/cake.go:55.16,58.3 2 0
gitlab.com/cake-store-RESTFul/service/cake.go:63.194,67.16 3 0
gitlab.com/cake-store-RESTFul/service/cake.go:72.2,72.29 1 0
gitlab.com/cake-store-RESTFul/service/cake.go:90.2,90.19 1 0
gitlab.com/cake-store-RESTFul/service/cake.go:94.2,95.16 2 0
gitlab.com/cake-store-RESTFul/service/cake.go:100.2,106.29 2 0
gitlab.com/cake-store-RESTFul/service/cake.go:67.16,70.3 2 0
gitlab.com/cake-store-RESTFul/service/cake.go:72.29,83.27 2 0
gitlab.com/cake-store-RESTFul/service/cake.go:87.3,87.23 1 0
gitlab.com/cake-store-RESTFul/service/cake.go:83.27,85.4 1 0
gitlab.com/cake-store-RESTFul/service/cake.go:90.19,92.3 1 0
gitlab.com/cake-store-RESTFul/service/cake.go:95.16,98.3 2 0
gitlab.com/cake-store-RESTFul/service/cake.go:109.93,112.16 2 0
gitlab.com/cake-store-RESTFul/service/cake.go:117.2,126.26 2 0
gitlab.com/cake-store-RESTFul/service/cake.go:130.2,130.17 1 0
gitlab.com/cake-store-RESTFul/service/cake.go:112.16,115.3 2 0
gitlab.com/cake-store-RESTFul/service/cake.go:126.26,128.3 1 0
gitlab.com/cake-store-RESTFul/service/cake.go:133.83,138.22 3 0
gitlab.com/cake-store-RESTFul/service/cake.go:147.2,156.16 3 0
gitlab.com/cake-store-RESTFul/service/cake.go:161.2,161.12 1 0
gitlab.com/cake-store-RESTFul/service/cake.go:138.22,140.17 2 0
gitlab.com/cake-store-RESTFul/service/cake.go:144.3,144.15 1 0
gitlab.com/cake-store-RESTFul/service/cake.go:140.17,143.4 2 0
gitlab.com/cake-store-RESTFul/service/cake.go:156.16,159.3 2 0
gitlab.com/cake-store-RESTFul/service/cake.go:164.64,166.2 1 0
gitlab.com/cake-store-RESTFul/handler/cake.go:25.93,31.2 1 1
gitlab.com/cake-store-RESTFul/handler/cake.go:33.84,37.16 3 1
gitlab.com/cake-store-RESTFul/handler/cake.go:43.2,46.16 3 1
gitlab.com/cake-store-RESTFul/handler/cake.go:52.2,53.16 2 1
gitlab.com/cake-store-RESTFul/handler/cake.go:59.2,59.69 1 1
gitlab.com/cake-store-RESTFul/handler/cake.go:37.16,41.3 3 1
gitlab.com/cake-store-RESTFul/handler/cake.go:46.16,50.3 3 1
gitlab.com/cake-store-RESTFul/handler/cake.go:53.16,57.3 3 1
gitlab.com/cake-store-RESTFul/handler/cake.go:62.92,68.16 4 0
gitlab.com/cake-store-RESTFul/handler/cake.go:73.2,73.42 1 0
gitlab.com/cake-store-RESTFul/handler/cake.go:78.2,79.16 2 0
gitlab.com/cake-store-RESTFul/handler/cake.go:83.2,92.16 3 0
gitlab.com/cake-store-RESTFul/handler/cake.go:98.2,98.69 1 0
gitlab.com/cake-store-RESTFul/handler/cake.go:68.16,71.3 2 0
gitlab.com/cake-store-RESTFul/handler/cake.go:73.42,76.3 2 0
gitlab.com/cake-store-RESTFul/handler/cake.go:79.16,82.3 2 0
gitlab.com/cake-store-RESTFul/handler/cake.go:92.16,96.3 3 0
gitlab.com/cake-store-RESTFul/handler/cake.go:101.85,112.16 7 1
gitlab.com/cake-store-RESTFul/handler/cake.go:118.2,118.85 1 1
gitlab.com/cake-store-RESTFul/handler/cake.go:112.16,116.3 3 1
gitlab.com/cake-store-RESTFul/handler/cake.go:121.91,124.16 3 1
gitlab.com/cake-store-RESTFul/handler/cake.go:129.2,130.40 2 1
gitlab.com/cake-store-RESTFul/handler/cake.go:136.2,136.40 1 1
gitlab.com/cake-store-RESTFul/handler/cake.go:142.2,142.63 1 1
gitlab.com/cake-store-RESTFul/handler/cake.go:124.16,127.3 2 1
gitlab.com/cake-store-RESTFul/handler/cake.go:130.40,134.3 3 1
gitlab.com/cake-store-RESTFul/handler/cake.go:136.40,140.3 3 1
gitlab.com/cake-store-RESTFul/handler/cake.go:145.88,150.16 4 1
gitlab.com/cake-store-RESTFul/handler/cake.go:155.2,160.16 5 1
gitlab.com/cake-store-RESTFul/handler/cake.go:166.2,167.16 2 1
gitlab.com/cake-store-RESTFul/handler/cake.go:173.2,173.69 1 1
gitlab.com/cake-store-RESTFul/handler/cake.go:150.16,153.3 2 1
gitlab.com/cake-store-RESTFul/handler/cake.go:160.16,164.3 3 1
gitlab.com/cake-store-RESTFul/handler/cake.go:167.16,171.3 3 1
gitlab.com/cake-store-RESTFul/handler/cake.go:176.88,179.16 3 1
gitlab.com/cake-store-RESTFul/handler/cake.go:184.2,185.16 2 1
gitlab.com/cake-store-RESTFul/handler/cake.go:191.2,191.69 1 1
gitlab.com/cake-store-RESTFul/handler/cake.go:179.16,182.3 2 1
gitlab.com/cake-store-RESTFul/handler/cake.go:185.16,189.3 3 1
gitlab.com/cake-store-RESTFul/infra/logger.go:11.33,23.2 2 0
gitlab.com/cake-store-RESTFul/service/cake/request.go:20.46,22.19 1 0
gitlab.com/cake-store-RESTFul/service/cake/request.go:26.2,26.25 1 0
gitlab.com/cake-store-RESTFul/service/cake/request.go:30.2,30.19 1 0
gitlab.com/cake-store-RESTFul/service/cake/request.go:34.2,34.19 1 0
gitlab.com/cake-store-RESTFul/service/cake/request.go:38.2,38.12 1 0
gitlab.com/cake-store-RESTFul/service/cake/request.go:22.19,24.3 1 0
gitlab.com/cake-store-RESTFul/service/cake/request.go:26.25,28.3 1 0
gitlab.com/cake-store-RESTFul/service/cake/request.go:30.19,32.3 1 0
gitlab.com/cake-store-RESTFul/service/cake/request.go:34.19,36.3 1 0
gitlab.com/cake-store-RESTFul/service/cake/request.go:50.55,52.26 1 1
gitlab.com/cake-store-RESTFul/service/cake/request.go:56.2,56.32 1 1
gitlab.com/cake-store-RESTFul/service/cake/request.go:60.2,60.27 1 1
gitlab.com/cake-store-RESTFul/service/cake/request.go:64.2,65.16 2 1
gitlab.com/cake-store-RESTFul/service/cake/request.go:69.2,69.11 1 1
gitlab.com/cake-store-RESTFul/service/cake/request.go:73.2,77.12 4 1
gitlab.com/cake-store-RESTFul/service/cake/request.go:52.26,54.3 1 1
gitlab.com/cake-store-RESTFul/service/cake/request.go:56.32,58.3 1 0
gitlab.com/cake-store-RESTFul/service/cake/request.go:60.27,62.3 1 0
gitlab.com/cake-store-RESTFul/service/cake/request.go:65.16,67.3 1 0
gitlab.com/cake-store-RESTFul/service/cake/request.go:69.11,71.3 1 0
gitlab.com/cake-store-RESTFul/service/cake/request.go:89.61,92.27 2 1
gitlab.com/cake-store-RESTFul/service/cake/request.go:99.2,99.11 1 1
gitlab.com/cake-store-RESTFul/service/cake/request.go:103.2,107.12 4 1
gitlab.com/cake-store-RESTFul/service/cake/request.go:92.27,94.17 2 1
gitlab.com/cake-store-RESTFul/service/cake/request.go:94.17,96.4 1 1
gitlab.com/cake-store-RESTFul/service/cake/request.go:99.11,101.3 1 0
gitlab.com/cake-store-RESTFul/service/cake/request.go:116.51,122.18 4 1
gitlab.com/cake-store-RESTFul/service/cake/request.go:126.2,126.20 1 1
gitlab.com/cake-store-RESTFul/service/cake/request.go:122.18,124.3 1 1
gitlab.com/cake-store-RESTFul/service/cake/request.go:126.20,128.3 1 1
gitlab.com/cake-store-RESTFul/main.go:10.13,18.16 6 0
gitlab.com/cake-store-RESTFul/main.go:22.2,25.47 3 0
gitlab.com/cake-store-RESTFul/main.go:18.16,19.13 1 0
gitlab.com/cake-store-RESTFul/infra/infra.go:14.42,20.2 1 0
gitlab.com/cake-store-RESTFul/service/common/pagination.go:19.54,22.17 2 1
gitlab.com/cake-store-RESTFul/service/common/pagination.go:26.2,26.16 1 1
gitlab.com/cake-store-RESTFul/service/common/pagination.go:30.2,30.17 1 1
gitlab.com/cake-store-RESTFul/service/common/pagination.go:37.2,37.16 1 1
gitlab.com/cake-store-RESTFul/service/common/pagination.go:22.17,24.3 1 1
gitlab.com/cake-store-RESTFul/service/common/pagination.go:26.16,28.3 1 1
gitlab.com/cake-store-RESTFul/service/common/pagination.go:30.17,32.19 2 0
gitlab.com/cake-store-RESTFul/service/common/pagination.go:32.19,34.4 1 0
gitlab.com/cake-store-RESTFul/service/common/pagination.go:37.16,39.18 2 0
gitlab.com/cake-store-RESTFul/service/common/pagination.go:39.18,41.4 1 0
gitlab.com/cake-store-RESTFul/api/api.go:14.103,26.2 8 0
gitlab.com/cake-store-RESTFul/api/api.go:28.97,37.87 6 0
gitlab.com/cake-store-RESTFul/api/api.go:46.2,46.84 1 0
gitlab.com/cake-store-RESTFul/api/api.go:51.2,52.75 2 0
gitlab.com/cake-store-RESTFul/api/api.go:37.87,44.3 5 0
gitlab.com/cake-store-RESTFul/api/api.go:46.84,49.3 2 0
gitlab.com/cake-store-RESTFul/infra/mysql.go:16.42,38.16 17 0
gitlab.com/cake-store-RESTFul/infra/mysql.go:42.2,44.3 1 0
gitlab.com/cake-store-RESTFul/infra/mysql.go:38.16,39.13 1 0
gitlab.com/cake-store-RESTFul/repo/cake.go:38.54,43.2 1 0
gitlab.com/cake-store-RESTFul/repo/cake.go:45.77,50.16 3 0
gitlab.com/cake-store-RESTFul/repo/cake.go:54.2,57.16 3 0
gitlab.com/cake-store-RESTFul/repo/cake.go:62.2,62.12 1 0
gitlab.com/cake-store-RESTFul/repo/cake.go:50.16,53.3 2 0
gitlab.com/cake-store-RESTFul/repo/cake.go:57.16,60.3 2 0
gitlab.com/cake-store-RESTFul/repo/cake.go:65.129,69.18 2 0
gitlab.com/cake-store-RESTFul/repo/cake.go:73.2,77.16 4 0
gitlab.com/cake-store-RESTFul/repo/cake.go:82.2,84.18 2 0
gitlab.com/cake-store-RESTFul/repo/cake.go:93.2,93.8 1 0
gitlab.com/cake-store-RESTFul/repo/cake.go:69.18,71.3 1 0
gitlab.com/cake-store-RESTFul/repo/cake.go:77.16,80.3 2 0
gitlab.com/cake-store-RESTFul/repo/cake.go:84.18,87.17 3 0
gitlab.com/cake-store-RESTFul/repo/cake.go:91.3,91.32 1 0
gitlab.com/cake-store-RESTFul/repo/cake.go:87.17,90.4 2 0
gitlab.com/cake-store-RESTFul/repo/cake.go:97.85,101.18 2 0
gitlab.com/cake-store-RESTFul/repo/cake.go:105.2,106.16 2 0
gitlab.com/cake-store-RESTFul/repo/cake.go:111.2,113.16 3 0
gitlab.com/cake-store-RESTFul/repo/cake.go:118.2,118.8 1 0
gitlab.com/cake-store-RESTFul/repo/cake.go:101.18,103.3 1 0
gitlab.com/cake-store-RESTFul/repo/cake.go:106.16,109.3 2 0
gitlab.com/cake-store-RESTFul/repo/cake.go:113.16,116.3 2 0
gitlab.com/cake-store-RESTFul/repo/cake.go:121.89,127.16 4 0
gitlab.com/cake-store-RESTFul/repo/cake.go:132.2,132.8 1 0
gitlab.com/cake-store-RESTFul/repo/cake.go:127.16,130.3 2 0
gitlab.com/cake-store-RESTFul/repo/cake.go:135.77,140.23 3 0
gitlab.com/cake-store-RESTFul/repo/cake.go:145.2,145.29 1 0
gitlab.com/cake-store-RESTFul/repo/cake.go:150.2,150.23 1 0
gitlab.com/cake-store-RESTFul/repo/cake.go:155.2,155.23 1 0
gitlab.com/cake-store-RESTFul/repo/cake.go:160.2,160.27 1 0
gitlab.com/cake-store-RESTFul/repo/cake.go:165.2,168.16 3 0
gitlab.com/cake-store-RESTFul/repo/cake.go:172.2,175.16 3 0
gitlab.com/cake-store-RESTFul/repo/cake.go:180.2,180.8 1 0
gitlab.com/cake-store-RESTFul/repo/cake.go:140.23,143.3 2 0
gitlab.com/cake-store-RESTFul/repo/cake.go:145.29,148.3 2 0
gitlab.com/cake-store-RESTFul/repo/cake.go:150.23,153.3 2 0
gitlab.com/cake-store-RESTFul/repo/cake.go:155.23,158.3 2 0
gitlab.com/cake-store-RESTFul/repo/cake.go:160.27,163.3 2 0
gitlab.com/cake-store-RESTFul/repo/cake.go:168.16,171.3 2 0
gitlab.com/cake-store-RESTFul/repo/cake.go:175.16,178.3 2 0
gitlab.com/cake-store-RESTFul/repo/cake.go:183.64,188.16 3 0
gitlab.com/cake-store-RESTFul/repo/cake.go:192.2,195.16 3 0
gitlab.com/cake-store-RESTFul/repo/cake.go:200.2,200.8 1 0
gitlab.com/cake-store-RESTFul/repo/cake.go:188.16,191.3 2 0
gitlab.com/cake-store-RESTFul/repo/cake.go:195.16,198.3 2 0
gitlab.com/cake-store-RESTFul/repo/cake.go:203.24,205.2 1 0
gitlab.com/cake-store-RESTFul/service-manager/cake.go:17.47,18.25 1 0
gitlab.com/cake-store-RESTFul/service-manager/cake.go:21.2,21.17 1 0
gitlab.com/cake-store-RESTFul/service-manager/cake.go:18.25,20.3 1 0
gitlab.com/cake-store-RESTFul/service-manager/cake.go:24.53,25.28 1 0
gitlab.com/cake-store-RESTFul/service-manager/cake.go:28.2,28.20 1 0
gitlab.com/cake-store-RESTFul/service-manager/cake.go:25.28,27.3 1 0
gitlab.com/cake-store-RESTFul/main.go:10.13,18.16 6 0
gitlab.com/cake-store-RESTFul/main.go:22.2,25.47 3 0
gitlab.com/cake-store-RESTFul/main.go:18.16,19.13 1 0
gitlab.com/cake-store-RESTFul/repo/cake.go:38.54,43.2 1 1
gitlab.com/cake-store-RESTFul/repo/cake.go:45.77,50.16 3 1
gitlab.com/cake-store-RESTFul/repo/cake.go:54.2,57.16 3 1
gitlab.com/cake-store-RESTFul/repo/cake.go:62.2,62.12 1 1
gitlab.com/cake-store-RESTFul/repo/cake.go:50.16,53.3 2 1
gitlab.com/cake-store-RESTFul/repo/cake.go:57.16,60.3 2 1
gitlab.com/cake-store-RESTFul/repo/cake.go:65.129,69.18 2 1
gitlab.com/cake-store-RESTFul/repo/cake.go:73.2,77.16 4 1
gitlab.com/cake-store-RESTFul/repo/cake.go:82.2,84.18 2 1
gitlab.com/cake-store-RESTFul/repo/cake.go:93.2,93.8 1 1
gitlab.com/cake-store-RESTFul/repo/cake.go:69.18,71.3 1 1
gitlab.com/cake-store-RESTFul/repo/cake.go:77.16,80.3 2 1
gitlab.com/cake-store-RESTFul/repo/cake.go:84.18,87.17 3 1
gitlab.com/cake-store-RESTFul/repo/cake.go:91.3,91.32 1 1
gitlab.com/cake-store-RESTFul/repo/cake.go:87.17,90.4 2 1
gitlab.com/cake-store-RESTFul/repo/cake.go:97.85,101.18 2 1
gitlab.com/cake-store-RESTFul/repo/cake.go:105.2,106.16 2 1
gitlab.com/cake-store-RESTFul/repo/cake.go:111.2,113.16 3 1
gitlab.com/cake-store-RESTFul/repo/cake.go:118.2,118.8 1 1
gitlab.com/cake-store-RESTFul/repo/cake.go:101.18,103.3 1 1
gitlab.com/cake-store-RESTFul/repo/cake.go:106.16,109.3 2 1
gitlab.com/cake-store-RESTFul/repo/cake.go:113.16,116.3 2 1
gitlab.com/cake-store-RESTFul/repo/cake.go:121.89,127.16 4 1
gitlab.com/cake-store-RESTFul/repo/cake.go:132.2,132.8 1 1
gitlab.com/cake-store-RESTFul/repo/cake.go:127.16,130.3 2 1
gitlab.com/cake-store-RESTFul/repo/cake.go:135.77,140.23 3 1
gitlab.com/cake-store-RESTFul/repo/cake.go:145.2,145.29 1 1
gitlab.com/cake-store-RESTFul/repo/cake.go:150.2,150.23 1 1
gitlab.com/cake-store-RESTFul/repo/cake.go:155.2,155.23 1 1
gitlab.com/cake-store-RESTFul/repo/cake.go:160.2,160.27 1 1
gitlab.com/cake-store-RESTFul/repo/cake.go:165.2,168.16 3 1
gitlab.com/cake-store-RESTFul/repo/cake.go:172.2,175.16 3 1
gitlab.com/cake-store-RESTFul/repo/cake.go:180.2,180.8 1 1
gitlab.com/cake-store-RESTFul/repo/cake.go:140.23,143.3 2 1
gitlab.com/cake-store-RESTFul/repo/cake.go:145.29,148.3 2 1
gitlab.com/cake-store-RESTFul/repo/cake.go:150.23,153.3 2 1
gitlab.com/cake-store-RESTFul/repo/cake.go:155.23,158.3 2 1
gitlab.com/cake-store-RESTFul/repo/cake.go:160.27,163.3 2 1
gitlab.com/cake-store-RESTFul/repo/cake.go:168.16,171.3 2 1
gitlab.com/cake-store-RESTFul/repo/cake.go:175.16,178.3 2 1
gitlab.com/cake-store-RESTFul/repo/cake.go:183.64,188.16 3 1
gitlab.com/cake-store-RESTFul/repo/cake.go:192.2,195.16 3 1
gitlab.com/cake-store-RESTFul/repo/cake.go:200.2,200.8 1 1
gitlab.com/cake-store-RESTFul/repo/cake.go:188.16,191.3 2 1
gitlab.com/cake-store-RESTFul/repo/cake.go:195.16,198.3 2 1
gitlab.com/cake-store-RESTFul/repo/cake.go:203.24,205.2 1 1
gitlab.com/cake-store-RESTFul/service/common/pagination.go:19.54,22.17 2 0
gitlab.com/cake-store-RESTFul/service/common/pagination.go:26.2,26.16 1 0
gitlab.com/cake-store-RESTFul/service/common/pagination.go:30.2,30.17 1 0
gitlab.com/cake-store-RESTFul/service/common/pagination.go:37.2,37.16 1 0
gitlab.com/cake-store-RESTFul/service/common/pagination.go:22.17,24.3 1 0
gitlab.com/cake-store-RESTFul/service/common/pagination.go:26.16,28.3 1 0
gitlab.com/cake-store-RESTFul/service/common/pagination.go:30.17,32.19 2 0
gitlab.com/cake-store-RESTFul/service/common/pagination.go:32.19,34.4 1 0
gitlab.com/cake-store-RESTFul/service/common/pagination.go:37.16,39.18 2 0
gitlab.com/cake-store-RESTFul/service/common/pagination.go:39.18,41.4 1 0
gitlab.com/cake-store-RESTFul/infra/logger.go:11.33,23.2 2 0
gitlab.com/cake-store-RESTFul/service/cake/request.go:20.46,22.19 1 0
gitlab.com/cake-store-RESTFul/service/cake/request.go:26.2,26.25 1 0
gitlab.com/cake-store-RESTFul/service/cake/request.go:30.2,30.19 1 0
gitlab.com/cake-store-RESTFul/service/cake/request.go:34.2,34.19 1 0
gitlab.com/cake-store-RESTFul/service/cake/request.go:38.2,38.12 1 0
gitlab.com/cake-store-RESTFul/service/cake/request.go:22.19,24.3 1 0
gitlab.com/cake-store-RESTFul/service/cake/request.go:26.25,28.3 1 0
gitlab.com/cake-store-RESTFul/service/cake/request.go:30.19,32.3 1 0
gitlab.com/cake-store-RESTFul/service/cake/request.go:34.19,36.3 1 0
gitlab.com/cake-store-RESTFul/service/cake/request.go:50.55,52.26 1 0
gitlab.com/cake-store-RESTFul/service/cake/request.go:56.2,56.32 1 0
gitlab.com/cake-store-RESTFul/service/cake/request.go:60.2,60.27 1 0
gitlab.com/cake-store-RESTFul/service/cake/request.go:64.2,65.16 2 0
gitlab.com/cake-store-RESTFul/service/cake/request.go:69.2,69.11 1 0
gitlab.com/cake-store-RESTFul/service/cake/request.go:73.2,77.12 4 0
gitlab.com/cake-store-RESTFul/service/cake/request.go:52.26,54.3 1 0
gitlab.com/cake-store-RESTFul/service/cake/request.go:56.32,58.3 1 0
gitlab.com/cake-store-RESTFul/service/cake/request.go:60.27,62.3 1 0
gitlab.com/cake-store-RESTFul/service/cake/request.go:65.16,67.3 1 0
gitlab.com/cake-store-RESTFul/service/cake/request.go:69.11,71.3 1 0
gitlab.com/cake-store-RESTFul/service/cake/request.go:89.61,92.27 2 0
gitlab.com/cake-store-RESTFul/service/cake/request.go:99.2,99.11 1 0
gitlab.com/cake-store-RESTFul/service/cake/request.go:103.2,107.12 4 0
gitlab.com/cake-store-RESTFul/service/cake/request.go:92.27,94.17 2 0
gitlab.com/cake-store-RESTFul/service/cake/request.go:94.17,96.4 1 0
gitlab.com/cake-store-RESTFul/service/cake/request.go:99.11,101.3 1 0
gitlab.com/cake-store-RESTFul/service/cake/request.go:116.51,122.18 4 0
gitlab.com/cake-store-RESTFul/service/cake/request.go:126.2,126.20 1 0
gitlab.com/cake-store-RESTFul/service/cake/request.go:122.18,124.3 1 0
gitlab.com/cake-store-RESTFul/service/cake/request.go:126.20,128.3 1 0
gitlab.com/cake-store-RESTFul/service/cake.go:30.80,36.2 1 0
gitlab.com/cake-store-RESTFul/service/cake.go:38.83,41.16 2 0
gitlab.com/cake-store-RESTFul/service/cake.go:46.2,55.16 3 0
gitlab.com/cake-store-RESTFul/service/cake.go:60.2,60.12 1 0
gitlab.com/cake-store-RESTFul/service/cake.go:41.16,44.3 2 0
gitlab.com/cake-store-RESTFul/service/cake.go:55.16,58.3 2 0
gitlab.com/cake-store-RESTFul/service/cake.go:63.194,67.16 3 0
gitlab.com/cake-store-RESTFul/service/cake.go:72.2,72.29 1 0
gitlab.com/cake-store-RESTFul/service/cake.go:90.2,90.19 1 0
gitlab.com/cake-store-RESTFul/service/cake.go:94.2,95.16 2 0
gitlab.com/cake-store-RESTFul/service/cake.go:100.2,106.29 2 0
gitlab.com/cake-store-RESTFul/service/cake.go:67.16,70.3 2 0
gitlab.com/cake-store-RESTFul/service/cake.go:72.29,83.27 2 0
gitlab.com/cake-store-RESTFul/service/cake.go:87.3,87.23 1 0
gitlab.com/cake-store-RESTFul/service/cake.go:83.27,85.4 1 0
gitlab.com/cake-store-RESTFul/service/cake.go:90.19,92.3 1 0
gitlab.com/cake-store-RESTFul/service/cake.go:95.16,98.3 2 0
gitlab.com/cake-store-RESTFul/service/cake.go:109.93,112.16 2 0
gitlab.com/cake-store-RESTFul/service/cake.go:117.2,126.26 2 0
gitlab.com/cake-store-RESTFul/service/cake.go:130.2,130.17 1 0
gitlab.com/cake-store-RESTFul/service/cake.go:112.16,115.3 2 0
gitlab.com/cake-store-RESTFul/service/cake.go:126.26,128.3 1 0
gitlab.com/cake-store-RESTFul/service/cake.go:133.83,138.22 3 0
gitlab.com/cake-store-RESTFul/service/cake.go:147.2,156.16 3 0
gitlab.com/cake-store-RESTFul/service/cake.go:161.2,161.12 1 0
gitlab.com/cake-store-RESTFul/service/cake.go:138.22,140.17 2 0
gitlab.com/cake-store-RESTFul/service/cake.go:144.3,144.15 1 0
gitlab.com/cake-store-RESTFul/service/cake.go:140.17,143.4 2 0
gitlab.com/cake-store-RESTFul/service/cake.go:156.16,159.3 2 0
gitlab.com/cake-store-RESTFul/service/cake.go:164.64,166.2 1 0
gitlab.com/cake-store-RESTFul/service/mocks/cloudinary_mock.go:27.65,31.2 3 0
gitlab.com/cake-store-RESTFul/service/mocks/cloudinary_mock.go:34.63,36.2 1 0
gitlab.com/cake-store-RESTFul/service/mocks/cloudinary_mock.go:39.140,45.2 5 0
gitlab.com/cake-store-RESTFul/service/mocks/cloudinary_mock.go:48.96,51.2 2 0
gitlab.com/cake-store-RESTFul/infra/cloudinary.go:11.129,13.2 1 0
gitlab.com/cake-store-RESTFul/infra/cloudinary.go:22.51,29.16 6 0
gitlab.com/cake-store-RESTFul/infra/cloudinary.go:33.2,35.3 1 0
gitlab.com/cake-store-RESTFul/infra/cloudinary.go:29.16,30.13 1 0
gitlab.com/cake-store-RESTFul/handler/cake.go:25.93,31.2 1 0
gitlab.com/cake-store-RESTFul/handler/cake.go:33.84,37.16 3 0
gitlab.com/cake-store-RESTFul/handler/cake.go:43.2,46.16 3 0
gitlab.com/cake-store-RESTFul/handler/cake.go:52.2,53.16 2 0
gitlab.com/cake-store-RESTFul/handler/cake.go:59.2,59.69 1 0
gitlab.com/cake-store-RESTFul/handler/cake.go:37.16,41.3 3 0
gitlab.com/cake-store-RESTFul/handler/cake.go:46.16,50.3 3 0
gitlab.com/cake-store-RESTFul/handler/cake.go:53.16,57.3 3 0
gitlab.com/cake-store-RESTFul/handler/cake.go:62.92,68.16 4 0
gitlab.com/cake-store-RESTFul/handler/cake.go:73.2,73.42 1 0
gitlab.com/cake-store-RESTFul/handler/cake.go:78.2,79.16 2 0
gitlab.com/cake-store-RESTFul/handler/cake.go:83.2,92.16 3 0
gitlab.com/cake-store-RESTFul/handler/cake.go:98.2,98.69 1 0
gitlab.com/cake-store-RESTFul/handler/cake.go:68.16,71.3 2 0
gitlab.com/cake-store-RESTFul/handler/cake.go:73.42,76.3 2 0
gitlab.com/cake-store-RESTFul/handler/cake.go:79.16,82.3 2 0
gitlab.com/cake-store-RESTFul/handler/cake.go:92.16,96.3 3 0
gitlab.com/cake-store-RESTFul/handler/cake.go:101.85,112.16 7 0
gitlab.com/cake-store-RESTFul/handler/cake.go:118.2,118.85 1 0
gitlab.com/cake-store-RESTFul/handler/cake.go:112.16,116.3 3 0
gitlab.com/cake-store-RESTFul/handler/cake.go:121.91,124.16 3 0
gitlab.com/cake-store-RESTFul/handler/cake.go:129.2,130.40 2 0
gitlab.com/cake-store-RESTFul/handler/cake.go:136.2,136.40 1 0
gitlab.com/cake-store-RESTFul/handler/cake.go:142.2,142.63 1 0
gitlab.com/cake-store-RESTFul/handler/cake.go:124.16,127.3 2 0
gitlab.com/cake-store-RESTFul/handler/cake.go:130.40,134.3 3 0
gitlab.com/cake-store-RESTFul/handler/cake.go:136.40,140.3 3 0
gitlab.com/cake-store-RESTFul/handler/cake.go:145.88,150.16 4 0
gitlab.com/cake-store-RESTFul/handler/cake.go:155.2,160.16 5 0
gitlab.com/cake-store-RESTFul/handler/cake.go:166.2,167.16 2 0
gitlab.com/cake-store-RESTFul/handler/cake.go:173.2,173.69 1 0
gitlab.com/cake-store-RESTFul/handler/cake.go:150.16,153.3 2 0
gitlab.com/cake-store-RESTFul/handler/cake.go:160.16,164.3 3 0
gitlab.com/cake-store-RESTFul/handler/cake.go:167.16,171.3 3 0
gitlab.com/cake-store-RESTFul/handler/cake.go:176.88,179.16 3 0
gitlab.com/cake-store-RESTFul/handler/cake.go:184.2,185.16 2 0
gitlab.com/cake-store-RESTFul/handler/cake.go:191.2,191.69 1 0
gitlab.com/cake-store-RESTFul/handler/cake.go:179.16,182.3 2 0
gitlab.com/cake-store-RESTFul/handler/cake.go:185.16,189.3 3 0
gitlab.com/cake-store-RESTFul/service/mocks/cake_service_mock.go:28.53,32.2 3 0
gitlab.com/cake-store-RESTFul/service/mocks/cake_service_mock.go:35.51,37.2 1 0
gitlab.com/cake-store-RESTFul/service/mocks/cake_service_mock.go:40.78,45.2 4 0
gitlab.com/cake-store-RESTFul/service/mocks/cake_service_mock.go:48.75,51.2 2 0
gitlab.com/cake-store-RESTFul/service/mocks/cake_service_mock.go:54.62,59.2 4 0
gitlab.com/cake-store-RESTFul/service/mocks/cake_service_mock.go:62.74,65.2 2 0
gitlab.com/cake-store-RESTFul/service/mocks/cake_service_mock.go:68.86,74.2 5 0
gitlab.com/cake-store-RESTFul/service/mocks/cake_service_mock.go:77.77,80.2 2 0
gitlab.com/cake-store-RESTFul/service/mocks/cake_service_mock.go:83.167,90.2 6 0
gitlab.com/cake-store-RESTFul/service/mocks/cake_service_mock.go:93.89,96.2 2 0
gitlab.com/cake-store-RESTFul/service/mocks/cake_service_mock.go:99.78,104.2 4 0
gitlab.com/cake-store-RESTFul/service/mocks/cake_service_mock.go:107.75,110.2 2 0
gitlab.com/cake-store-RESTFul/repo/mocks/cake_repo_mock.go:27.53,31.2 3 0
gitlab.com/cake-store-RESTFul/repo/mocks/cake_repo_mock.go:34.51,36.2 1 0
gitlab.com/cake-store-RESTFul/repo/mocks/cake_repo_mock.go:39.28,42.2 2 0
gitlab.com/cake-store-RESTFul/repo/mocks/cake_repo_mock.go:45.54,48.2 2 0
gitlab.com/cake-store-RESTFul/repo/mocks/cake_repo_mock.go:51.79,57.2 5 0
gitlab.com/cake-store-RESTFul/repo/mocks/cake_repo_mock.go:60.81,63.2 2 0
gitlab.com/cake-store-RESTFul/repo/mocks/cake_repo_mock.go:66.80,71.2 4 0
gitlab.com/cake-store-RESTFul/repo/mocks/cake_repo_mock.go:74.77,77.2 2 0
gitlab.com/cake-store-RESTFul/repo/mocks/cake_repo_mock.go:80.62,85.2 4 0
gitlab.com/cake-store-RESTFul/repo/mocks/cake_repo_mock.go:88.74,91.2 2 0
gitlab.com/cake-store-RESTFul/repo/mocks/cake_repo_mock.go:94.87,100.2 5 0
gitlab.com/cake-store-RESTFul/repo/mocks/cake_repo_mock.go:103.77,106.2 2 0
gitlab.com/cake-store-RESTFul/repo/mocks/cake_repo_mock.go:109.127,115.2 5 0
gitlab.com/cake-store-RESTFul/repo/mocks/cake_repo_mock.go:118.108,121.2 2 0
gitlab.com/cake-store-RESTFul/repo/mocks/cake_repo_mock.go:124.80,129.2 4 0
gitlab.com/cake-store-RESTFul/repo/mocks/cake_repo_mock.go:132.77,135.2 2 0
gitlab.com/cake-store-RESTFul/infra/mysql.go:16.42,38.16 17 0
gitlab.com/cake-store-RESTFul/infra/mysql.go:42.2,44.3 1 0
gitlab.com/cake-store-RESTFul/infra/mysql.go:38.16,39.13 1 0
gitlab.com/cake-store-RESTFul/handler/http.go:16.37,18.2 1 0
gitlab.com/cake-store-RESTFul/handler/http.go:20.80,23.16 2 0
gitlab.com/cake-store-RESTFul/handler/http.go:28.2,30.16 3 0
gitlab.com/cake-store-RESTFul/handler/http.go:23.16,25.13 2 0
gitlab.com/cake-store-RESTFul/handler/http.go:30.16,32.13 2 0
gitlab.com/cake-store-RESTFul/service-manager/service-manager.go:19.59,23.2 1 0
gitlab.com/cake-store-RESTFul/api/api.go:14.103,26.2 8 0
gitlab.com/cake-store-RESTFul/api/api.go:28.97,37.87 6 0
gitlab.com/cake-store-RESTFul/api/api.go:46.2,46.84 1 0
gitlab.com/cake-store-RESTFul/api/api.go:51.2,52.75 2 0
gitlab.com/cake-store-RESTFul/api/api.go:37.87,44.3 5 0
gitlab.com/cake-store-RESTFul/api/api.go:46.84,49.3 2 0
gitlab.com/cake-store-RESTFul/infra/infra.go:14.42,20.2 1 0
